The system is: Linux - 5.0.7-200.fc29.x86_64 - x86_64
Compiling the C compiler identification source file "CMakeCCompilerId.c" succeeded.
Compiler: /home/guillaume/miniconda3/envs/asterics/bin/cc 
Build flags: 
Id flags:  

The output was:
0


Compilation of the C compiler identification source "CMakeCCompilerId.c" produced "a.out"

The C compiler identification is GNU, found in "/home/guillaume/Documents/asterics2020/asterics-cpp/build/CMakeFiles/3.14.1/CompilerIdC/a.out"

Compiling the CXX compiler identification source file "CMakeCXXCompilerId.cpp" succeeded.
Compiler: /home/guillaume/miniconda3/envs/asterics/bin/c++ 
Build flags: 
Id flags:  

The output was:
0


Compilation of the CXX compiler identification source "CMakeCXXCompilerId.cpp" produced "a.out"

The CXX compiler identification is GNU, found in "/home/guillaume/Documents/asterics2020/asterics-cpp/build/CMakeFiles/3.14.1/CompilerIdCXX/a.out"

Determining if the C compiler works passed with the following output:
Change Dir: /home/guillaume/Documents/asterics2020/asterics-cpp/build/CMakeFiles/CMakeTmp

Run Build Command(s):/usr/bin/gmake cmTC_d93d8/fast 
/usr/bin/gmake -f CMakeFiles/cmTC_d93d8.dir/build.make CMakeFiles/cmTC_d93d8.dir/build
gmake[1] : on entre dans le répertoire « /home/guillaume/Documents/asterics2020/asterics-cpp/build/CMakeFiles/CMakeTmp »
Building C object CMakeFiles/cmTC_d93d8.dir/testCCompiler.c.o
/home/guillaume/miniconda3/envs/asterics/bin/cc    -o CMakeFiles/cmTC_d93d8.dir/testCCompiler.c.o   -c /home/guillaume/Documents/asterics2020/asterics-cpp/build/CMakeFiles/CMakeTmp/testCCompiler.c
Linking C executable cmTC_d93d8
/usr/bin/cmake -E cmake_link_script CMakeFiles/cmTC_d93d8.dir/link.txt --verbose=1
/home/guillaume/miniconda3/envs/asterics/bin/cc      -rdynamic CMakeFiles/cmTC_d93d8.dir/testCCompiler.c.o  -o cmTC_d93d8 
gmake[1] : on quitte le répertoire « /home/guillaume/Documents/asterics2020/asterics-cpp/build/CMakeFiles/CMakeTmp »


Detecting C compiler ABI info compiled with the following output:
Change Dir: /home/guillaume/Documents/asterics2020/asterics-cpp/build/CMakeFiles/CMakeTmp

Run Build Command(s):/usr/bin/gmake cmTC_3971f/fast 
/usr/bin/gmake -f CMakeFiles/cmTC_3971f.dir/build.make CMakeFiles/cmTC_3971f.dir/build
gmake[1]: Entering directory '/home/guillaume/Documents/asterics2020/asterics-cpp/build/CMakeFiles/CMakeTmp'
Building C object CMakeFiles/cmTC_3971f.dir/CMakeCCompilerABI.c.o
/home/guillaume/miniconda3/envs/asterics/bin/cc   -v -o CMakeFiles/cmTC_3971f.dir/CMakeCCompilerABI.c.o   -c /usr/share/cmake/Modules/CMakeCCompilerABI.c
Reading specs from /home/guillaume/miniconda3/envs/asterics/bin/../lib/gcc/x86_64-pc-linux-gnu/7.1.0/specs
COLLECT_GCC=/home/guillaume/miniconda3/envs/asterics/bin/cc
Target: x86_64-pc-linux-gnu
Configured with: ./configure --prefix=/home/weiyan/.anaconda2/conda-bld/gcc-7_1495265979526/_b_env_placehold_placehold_placehold_placehold_placehold_placehold_placehold_placehold_placehold_placehold_placehold_placehold_placehold_placehold_placehold_placehold_placehold_placehold_placehold_plac/gcc --with-gxx-include-dir=/home/weiyan/.anaconda2/conda-bld/gcc-7_1495265979526/_b_env_placehold_placehold_placehold_placehold_placehold_placehold_placehold_placehold_placehold_placehold_placehold_placehold_placehold_placehold_placehold_placehold_placehold_placehold_placehold_plac/gcc/include/c++ --bindir=/home/weiyan/.anaconda2/conda-bld/gcc-7_1495265979526/_b_env_placehold_placehold_placehold_placehold_placehold_placehold_placehold_placehold_placehold_placehold_placehold_placehold_placehold_placehold_placehold_placehold_placehold_placehold_placehold_plac/gcc/../bin --datarootdir=/home/weiyan/.anaconda2/conda-bld/gcc-7_1495265979526/_b_env_placehold_placehold_placehold_placehold_placehold_placehold_placehold_placehold_placehold_placehold_placehold_placehold_placehold_placehold_placehold_placehold_placehold_placehold_placehold_plac/gcc/../share --libdir=/home/weiyan/.anaconda2/conda-bld/gcc-7_1495265979526/_b_env_placehold_placehold_placehold_placehold_placehold_placehold_placehold_placehold_placehold_placehold_placehold_placehold_placehold_placehold_placehold_placehold_placehold_placehold_placehold_plac/gcc/../lib --with-gmp=/home/weiyan/.anaconda2/conda-bld/gcc-7_1495265979526/_b_env_placehold_placehold_placehold_placehold_placehold_placehold_placehold_placehold_placehold_placehold_placehold_placehold_placehold_placehold_placehold_placehold_placehold_placehold_placehold_plac --with-mpfr=/home/weiyan/.anaconda2/conda-bld/gcc-7_1495265979526/_b_env_placehold_placehold_placehold_placehold_placehold_placehold_placehold_placehold_placehold_placehold_placehold_placehold_placehold_placehold_placehold_placehold_placehold_placehold_placehold_plac --with-mpc=/home/weiyan/.anaconda2/conda-bld/gcc-7_1495265979526/_b_env_placehold_placehold_placehold_placehold_placehold_placehold_placehold_placehold_placehold_placehold_placehold_placehold_placehold_placehold_placehold_placehold_placehold_placehold_placehold_plac --with-isl=/home/weiyan/.anaconda2/conda-bld/gcc-7_1495265979526/_b_env_placehold_placehold_placehold_placehold_placehold_placehold_placehold_placehold_placehold_placehold_placehold_placehold_placehold_placehold_placehold_placehold_placehold_placehold_placehold_plac --with-cloog=/home/weiyan/.anaconda2/conda-bld/gcc-7_1495265979526/_b_env_placehold_placehold_placehold_placehold_placehold_placehold_placehold_placehold_placehold_placehold_placehold_placehold_placehold_placehold_placehold_placehold_placehold_placehold_placehold_plac --enable-checking=release --with-tune=generic --disable-multilib
Thread model: posix
gcc version 7.1.0 (GCC) 
COLLECT_GCC_OPTIONS='-v' '-o' 'CMakeFiles/cmTC_3971f.dir/CMakeCCompilerABI.c.o' '-c' '-mtune=generic' '-march=x86-64'
 /home/guillaume/miniconda3/envs/asterics/bin/../gcc/libexec/gcc/x86_64-pc-linux-gnu/7.1.0/cc1 -quiet -v -iprefix /home/guillaume/miniconda3/envs/asterics/bin/../lib/gcc/x86_64-pc-linux-gnu/7.1.0/ -isystem /usr/include/x86_64-linux-gnu -isystem /usr/include/i686-linux-gnu -isystem /usr/include/i386-linux-gnu /usr/share/cmake/Modules/CMakeCCompilerABI.c -quiet -dumpbase CMakeCCompilerABI.c -mtune=generic -march=x86-64 -auxbase-strip CMakeFiles/cmTC_3971f.dir/CMakeCCompilerABI.c.o -version -o /tmp/ccnQCASC.s
GNU C11 (GCC) version 7.1.0 (x86_64-pc-linux-gnu)
	compiled by GNU C version 7.1.0, GMP version 6.1.0, MPFR version 3.1.5, MPC version 1.0.3, isl version isl-0.17.1-GMP

warning: GMP header version 6.1.0 differs from library version 6.1.2.
warning: MPFR header version 3.1.5 differs from library version 3.1.6-p2.
GGC heuristics: --param ggc-min-expand=100 --param ggc-min-heapsize=131072
ignoring nonexistent directory "/usr/include/x86_64-linux-gnu"
ignoring nonexistent directory "/usr/include/i686-linux-gnu"
ignoring nonexistent directory "/usr/include/i386-linux-gnu"
ignoring nonexistent directory "/home/guillaume/miniconda3/envs/asterics/bin/../lib/gcc/x86_64-pc-linux-gnu/7.1.0/../../../../../x86_64-pc-linux-gnu/include"
ignoring duplicate directory "/home/guillaume/miniconda3/envs/asterics/lib/gcc/../../gcc/../lib/gcc/x86_64-pc-linux-gnu/7.1.0/include"
ignoring duplicate directory "/home/guillaume/miniconda3/envs/asterics/lib/gcc/../../gcc/../lib/gcc/x86_64-pc-linux-gnu/7.1.0/include-fixed"
ignoring nonexistent directory "/home/guillaume/miniconda3/envs/asterics/lib/gcc/../../gcc/../lib/gcc/x86_64-pc-linux-gnu/7.1.0/../../../../../x86_64-pc-linux-gnu/include"
#include "..." search starts here:
#include <...> search starts here:
 /home/guillaume/miniconda3/envs/asterics/bin/../lib/gcc/x86_64-pc-linux-gnu/7.1.0/include
 /home/guillaume/miniconda3/envs/asterics/bin/../lib/gcc/x86_64-pc-linux-gnu/7.1.0/include-fixed
 /usr/local/include
 /home/guillaume/miniconda3/envs/asterics/lib/gcc/../../gcc/include
 /usr/include
End of search list.
GNU C11 (GCC) version 7.1.0 (x86_64-pc-linux-gnu)
	compiled by GNU C version 7.1.0, GMP version 6.1.0, MPFR version 3.1.5, MPC version 1.0.3, isl version isl-0.17.1-GMP

warning: GMP header version 6.1.0 differs from library version 6.1.2.
warning: MPFR header version 3.1.5 differs from library version 3.1.6-p2.
GGC heuristics: --param ggc-min-expand=100 --param ggc-min-heapsize=131072
Compiler executable checksum: cee6a6d8d360e9cda966bdaa39472161
COLLECT_GCC_OPTIONS='-v' '-o' 'CMakeFiles/cmTC_3971f.dir/CMakeCCompilerABI.c.o' '-c' '-mtune=generic' '-march=x86-64'
 as -v --64 -o CMakeFiles/cmTC_3971f.dir/CMakeCCompilerABI.c.o /tmp/ccnQCASC.s
GNU assembler version 2.31.1 (x86_64-redhat-linux) using BFD version version 2.31.1-24.fc29
COMPILER_PATH=/home/guillaume/miniconda3/envs/asterics/bin/../gcc/libexec/gcc/x86_64-pc-linux-gnu/7.1.0/:/home/guillaume/miniconda3/envs/asterics/bin/../gcc/libexec/gcc/
LIBRARY_PATH=/home/guillaume/miniconda3/envs/asterics/bin/../lib/gcc/x86_64-pc-linux-gnu/7.1.0/:/home/guillaume/miniconda3/envs/asterics/bin/../lib/gcc/:/lib/../lib64/:/usr/lib/../lib64/:/home/guillaume/miniconda3/envs/asterics/bin/../lib/gcc/x86_64-pc-linux-gnu/7.1.0/../../../:/lib/:/usr/lib/
COLLECT_GCC_OPTIONS='-v' '-o' 'CMakeFiles/cmTC_3971f.dir/CMakeCCompilerABI.c.o' '-c' '-mtune=generic' '-march=x86-64'
Linking C executable cmTC_3971f
/usr/bin/cmake -E cmake_link_script CMakeFiles/cmTC_3971f.dir/link.txt --verbose=1
/home/guillaume/miniconda3/envs/asterics/bin/cc     -v -rdynamic CMakeFiles/cmTC_3971f.dir/CMakeCCompilerABI.c.o  -o cmTC_3971f 
Reading specs from /home/guillaume/miniconda3/envs/asterics/bin/../lib/gcc/x86_64-pc-linux-gnu/7.1.0/specs
COLLECT_GCC=/home/guillaume/miniconda3/envs/asterics/bin/cc
COLLECT_LTO_WRAPPER=/home/guillaume/miniconda3/envs/asterics/bin/../gcc/libexec/gcc/x86_64-pc-linux-gnu/7.1.0/lto-wrapper
Target: x86_64-pc-linux-gnu
Configured with: ./configure --prefix=/home/weiyan/.anaconda2/conda-bld/gcc-7_1495265979526/_b_env_placehold_placehold_placehold_placehold_placehold_placehold_placehold_placehold_placehold_placehold_placehold_placehold_placehold_placehold_placehold_placehold_placehold_placehold_placehold_plac/gcc --with-gxx-include-dir=/home/weiyan/.anaconda2/conda-bld/gcc-7_1495265979526/_b_env_placehold_placehold_placehold_placehold_placehold_placehold_placehold_placehold_placehold_placehold_placehold_placehold_placehold_placehold_placehold_placehold_placehold_placehold_placehold_plac/gcc/include/c++ --bindir=/home/weiyan/.anaconda2/conda-bld/gcc-7_1495265979526/_b_env_placehold_placehold_placehold_placehold_placehold_placehold_placehold_placehold_placehold_placehold_placehold_placehold_placehold_placehold_placehold_placehold_placehold_placehold_placehold_plac/gcc/../bin --datarootdir=/home/weiyan/.anaconda2/conda-bld/gcc-7_1495265979526/_b_env_placehold_placehold_placehold_placehold_placehold_placehold_placehold_placehold_placehold_placehold_placehold_placehold_placehold_placehold_placehold_placehold_placehold_placehold_placehold_plac/gcc/../share --libdir=/home/weiyan/.anaconda2/conda-bld/gcc-7_1495265979526/_b_env_placehold_placehold_placehold_placehold_placehold_placehold_placehold_placehold_placehold_placehold_placehold_placehold_placehold_placehold_placehold_placehold_placehold_placehold_placehold_plac/gcc/../lib --with-gmp=/home/weiyan/.anaconda2/conda-bld/gcc-7_1495265979526/_b_env_placehold_placehold_placehold_placehold_placehold_placehold_placehold_placehold_placehold_placehold_placehold_placehold_placehold_placehold_placehold_placehold_placehold_placehold_placehold_plac --with-mpfr=/home/weiyan/.anaconda2/conda-bld/gcc-7_1495265979526/_b_env_placehold_placehold_placehold_placehold_placehold_placehold_placehold_placehold_placehold_placehold_placehold_placehold_placehold_placehold_placehold_placehold_placehold_placehold_placehold_plac --with-mpc=/home/weiyan/.anaconda2/conda-bld/gcc-7_1495265979526/_b_env_placehold_placehold_placehold_placehold_placehold_placehold_placehold_placehold_placehold_placehold_placehold_placehold_placehold_placehold_placehold_placehold_placehold_placehold_placehold_plac --with-isl=/home/weiyan/.anaconda2/conda-bld/gcc-7_1495265979526/_b_env_placehold_placehold_placehold_placehold_placehold_placehold_placehold_placehold_placehold_placehold_placehold_placehold_placehold_placehold_placehold_placehold_placehold_placehold_placehold_plac --with-cloog=/home/weiyan/.anaconda2/conda-bld/gcc-7_1495265979526/_b_env_placehold_placehold_placehold_placehold_placehold_placehold_placehold_placehold_placehold_placehold_placehold_placehold_placehold_placehold_placehold_placehold_placehold_placehold_placehold_plac --enable-checking=release --with-tune=generic --disable-multilib
Thread model: posix
gcc version 7.1.0 (GCC) 
COMPILER_PATH=/home/guillaume/miniconda3/envs/asterics/bin/../gcc/libexec/gcc/x86_64-pc-linux-gnu/7.1.0/:/home/guillaume/miniconda3/envs/asterics/bin/../gcc/libexec/gcc/
LIBRARY_PATH=/home/guillaume/miniconda3/envs/asterics/bin/../lib/gcc/x86_64-pc-linux-gnu/7.1.0/:/home/guillaume/miniconda3/envs/asterics/bin/../lib/gcc/:/lib/../lib64/:/usr/lib/../lib64/:/home/guillaume/miniconda3/envs/asterics/bin/../lib/gcc/x86_64-pc-linux-gnu/7.1.0/../../../:/lib/:/usr/lib/
COLLECT_GCC_OPTIONS='-v' '-rdynamic' '-o' 'cmTC_3971f' '-mtune=generic' '-march=x86-64'
 /home/guillaume/miniconda3/envs/asterics/bin/../gcc/libexec/gcc/x86_64-pc-linux-gnu/7.1.0/collect2 -plugin /home/guillaume/miniconda3/envs/asterics/bin/../gcc/libexec/gcc/x86_64-pc-linux-gnu/7.1.0/liblto_plugin.so -plugin-opt=/home/guillaume/miniconda3/envs/asterics/bin/../gcc/libexec/gcc/x86_64-pc-linux-gnu/7.1.0/lto-wrapper -plugin-opt=-fresolution=/tmp/cc1JY0XF.res -plugin-opt=-pass-through=-lgcc -plugin-opt=-pass-through=-lgcc_s -plugin-opt=-pass-through=-lc -plugin-opt=-pass-through=-lgcc -plugin-opt=-pass-through=-lgcc_s --eh-frame-hdr -m elf_x86_64 -export-dynamic -dynamic-linker /lib64/ld-linux-x86-64.so.2 -o cmTC_3971f /home/guillaume/miniconda3/envs/asterics/bin/../lib/gcc/x86_64-pc-linux-gnu/7.1.0/crt1.o /home/guillaume/miniconda3/envs/asterics/bin/../lib/gcc/x86_64-pc-linux-gnu/7.1.0/crti.o /home/guillaume/miniconda3/envs/asterics/bin/../lib/gcc/x86_64-pc-linux-gnu/7.1.0/crtbegin.o -L/home/guillaume/miniconda3/envs/asterics/bin/../lib/gcc/x86_64-pc-linux-gnu/7.1.0 -L/home/guillaume/miniconda3/envs/asterics/bin/../lib/gcc -L/lib/../lib64 -L/usr/lib/../lib64 -L/home/guillaume/miniconda3/envs/asterics/bin/../lib/gcc/x86_64-pc-linux-gnu/7.1.0/../../.. -L/usr/x86_64-redhat-linux/lib64 -L/usr/lib64 -L/usr/local/lib64 -L/lib64 -L/usr/x86_64-redhat-linux/lib -L/usr/local/lib -L/lib -L/usr/lib CMakeFiles/cmTC_3971f.dir/CMakeCCompilerABI.c.o -lgcc --as-needed -lgcc_s --no-as-needed -lc -lgcc --as-needed -lgcc_s --no-as-needed /home/guillaume/miniconda3/envs/asterics/bin/../lib/gcc/x86_64-pc-linux-gnu/7.1.0/crtend.o /home/guillaume/miniconda3/envs/asterics/bin/../lib/gcc/x86_64-pc-linux-gnu/7.1.0/crtn.o
COLLECT_GCC_OPTIONS='-v' '-rdynamic' '-o' 'cmTC_3971f' '-mtune=generic' '-march=x86-64'
gmake[1]: Leaving directory '/home/guillaume/Documents/asterics2020/asterics-cpp/build/CMakeFiles/CMakeTmp'


Parsed C implicit include dir info from above output: rv=done
  found start of include info
  found start of implicit include info
    add: [/home/guillaume/miniconda3/envs/asterics/bin/../lib/gcc/x86_64-pc-linux-gnu/7.1.0/include]
    add: [/home/guillaume/miniconda3/envs/asterics/bin/../lib/gcc/x86_64-pc-linux-gnu/7.1.0/include-fixed]
    add: [/usr/local/include]
    add: [/home/guillaume/miniconda3/envs/asterics/lib/gcc/../../gcc/include]
    add: [/usr/include]
  end of search list found
  collapse include dir [/home/guillaume/miniconda3/envs/asterics/bin/../lib/gcc/x86_64-pc-linux-gnu/7.1.0/include] ==> [/home/guillaume/miniconda3/envs/asterics/lib/gcc/x86_64-pc-linux-gnu/7.1.0/include]
  collapse include dir [/home/guillaume/miniconda3/envs/asterics/bin/../lib/gcc/x86_64-pc-linux-gnu/7.1.0/include-fixed] ==> [/home/guillaume/miniconda3/envs/asterics/lib/gcc/x86_64-pc-linux-gnu/7.1.0/include-fixed]
  collapse include dir [/usr/local/include] ==> [/usr/local/include]
  collapse include dir [/home/guillaume/miniconda3/envs/asterics/lib/gcc/../../gcc/include] ==> [/home/guillaume/miniconda3/envs/asterics/gcc/include]
  collapse include dir [/usr/include] ==> [/usr/include]
  implicit include dirs: [/home/guillaume/miniconda3/envs/asterics/lib/gcc/x86_64-pc-linux-gnu/7.1.0/include;/home/guillaume/miniconda3/envs/asterics/lib/gcc/x86_64-pc-linux-gnu/7.1.0/include-fixed;/usr/local/include;/home/guillaume/miniconda3/envs/asterics/gcc/include;/usr/include]


Parsed C implicit link information from above output:
  link line regex: [^( *|.*[/\])(ld|CMAKE_LINK_STARTFILE-NOTFOUND|([^/\]+-)?ld|collect2)[^/\]*( |$)]
  ignore line: [Change Dir: /home/guillaume/Documents/asterics2020/asterics-cpp/build/CMakeFiles/CMakeTmp]
  ignore line: []
  ignore line: [Run Build Command(s):/usr/bin/gmake cmTC_3971f/fast ]
  ignore line: [/usr/bin/gmake -f CMakeFiles/cmTC_3971f.dir/build.make CMakeFiles/cmTC_3971f.dir/build]
  ignore line: [gmake[1]: Entering directory '/home/guillaume/Documents/asterics2020/asterics-cpp/build/CMakeFiles/CMakeTmp']
  ignore line: [Building C object CMakeFiles/cmTC_3971f.dir/CMakeCCompilerABI.c.o]
  ignore line: [/home/guillaume/miniconda3/envs/asterics/bin/cc   -v -o CMakeFiles/cmTC_3971f.dir/CMakeCCompilerABI.c.o   -c /usr/share/cmake/Modules/CMakeCCompilerABI.c]
  ignore line: [Reading specs from /home/guillaume/miniconda3/envs/asterics/bin/../lib/gcc/x86_64-pc-linux-gnu/7.1.0/specs]
  ignore line: [COLLECT_GCC=/home/guillaume/miniconda3/envs/asterics/bin/cc]
  ignore line: [Target: x86_64-pc-linux-gnu]
  ignore line: [Configured with: ./configure --prefix=/home/weiyan/.anaconda2/conda-bld/gcc-7_1495265979526/_b_env_placehold_placehold_placehold_placehold_placehold_placehold_placehold_placehold_placehold_placehold_placehold_placehold_placehold_placehold_placehold_placehold_placehold_placehold_placehold_plac/gcc --with-gxx-include-dir=/home/weiyan/.anaconda2/conda-bld/gcc-7_1495265979526/_b_env_placehold_placehold_placehold_placehold_placehold_placehold_placehold_placehold_placehold_placehold_placehold_placehold_placehold_placehold_placehold_placehold_placehold_placehold_placehold_plac/gcc/include/c++ --bindir=/home/weiyan/.anaconda2/conda-bld/gcc-7_1495265979526/_b_env_placehold_placehold_placehold_placehold_placehold_placehold_placehold_placehold_placehold_placehold_placehold_placehold_placehold_placehold_placehold_placehold_placehold_placehold_placehold_plac/gcc/../bin --datarootdir=/home/weiyan/.anaconda2/conda-bld/gcc-7_1495265979526/_b_env_placehold_placehold_placehold_placehold_placehold_placehold_placehold_placehold_placehold_placehold_placehold_placehold_placehold_placehold_placehold_placehold_placehold_placehold_placehold_plac/gcc/../share --libdir=/home/weiyan/.anaconda2/conda-bld/gcc-7_1495265979526/_b_env_placehold_placehold_placehold_placehold_placehold_placehold_placehold_placehold_placehold_placehold_placehold_placehold_placehold_placehold_placehold_placehold_placehold_placehold_placehold_plac/gcc/../lib --with-gmp=/home/weiyan/.anaconda2/conda-bld/gcc-7_1495265979526/_b_env_placehold_placehold_placehold_placehold_placehold_placehold_placehold_placehold_placehold_placehold_placehold_placehold_placehold_placehold_placehold_placehold_placehold_placehold_placehold_plac --with-mpfr=/home/weiyan/.anaconda2/conda-bld/gcc-7_1495265979526/_b_env_placehold_placehold_placehold_placehold_placehold_placehold_placehold_placehold_placehold_placehold_placehold_placehold_placehold_placehold_placehold_placehold_placehold_placehold_placehold_plac --with-mpc=/home/weiyan/.anaconda2/conda-bld/gcc-7_1495265979526/_b_env_placehold_placehold_placehold_placehold_placehold_placehold_placehold_placehold_placehold_placehold_placehold_placehold_placehold_placehold_placehold_placehold_placehold_placehold_placehold_plac --with-isl=/home/weiyan/.anaconda2/conda-bld/gcc-7_1495265979526/_b_env_placehold_placehold_placehold_placehold_placehold_placehold_placehold_placehold_placehold_placehold_placehold_placehold_placehold_placehold_placehold_placehold_placehold_placehold_placehold_plac --with-cloog=/home/weiyan/.anaconda2/conda-bld/gcc-7_1495265979526/_b_env_placehold_placehold_placehold_placehold_placehold_placehold_placehold_placehold_placehold_placehold_placehold_placehold_placehold_placehold_placehold_placehold_placehold_placehold_placehold_plac --enable-checking=release --with-tune=generic --disable-multilib]
  ignore line: [Thread model: posix]
  ignore line: [gcc version 7.1.0 (GCC) ]
  ignore line: [COLLECT_GCC_OPTIONS='-v' '-o' 'CMakeFiles/cmTC_3971f.dir/CMakeCCompilerABI.c.o' '-c' '-mtune=generic' '-march=x86-64']
  ignore line: [ /home/guillaume/miniconda3/envs/asterics/bin/../gcc/libexec/gcc/x86_64-pc-linux-gnu/7.1.0/cc1 -quiet -v -iprefix /home/guillaume/miniconda3/envs/asterics/bin/../lib/gcc/x86_64-pc-linux-gnu/7.1.0/ -isystem /usr/include/x86_64-linux-gnu -isystem /usr/include/i686-linux-gnu -isystem /usr/include/i386-linux-gnu /usr/share/cmake/Modules/CMakeCCompilerABI.c -quiet -dumpbase CMakeCCompilerABI.c -mtune=generic -march=x86-64 -auxbase-strip CMakeFiles/cmTC_3971f.dir/CMakeCCompilerABI.c.o -version -o /tmp/ccnQCASC.s]
  ignore line: [GNU C11 (GCC) version 7.1.0 (x86_64-pc-linux-gnu)]
  ignore line: [	compiled by GNU C version 7.1.0, GMP version 6.1.0, MPFR version 3.1.5, MPC version 1.0.3, isl version isl-0.17.1-GMP]
  ignore line: []
  ignore line: [warning: GMP header version 6.1.0 differs from library version 6.1.2.]
  ignore line: [warning: MPFR header version 3.1.5 differs from library version 3.1.6-p2.]
  ignore line: [GGC heuristics: --param ggc-min-expand=100 --param ggc-min-heapsize=131072]
  ignore line: [ignoring nonexistent directory "/usr/include/x86_64-linux-gnu"]
  ignore line: [ignoring nonexistent directory "/usr/include/i686-linux-gnu"]
  ignore line: [ignoring nonexistent directory "/usr/include/i386-linux-gnu"]
  ignore line: [ignoring nonexistent directory "/home/guillaume/miniconda3/envs/asterics/bin/../lib/gcc/x86_64-pc-linux-gnu/7.1.0/../../../../../x86_64-pc-linux-gnu/include"]
  ignore line: [ignoring duplicate directory "/home/guillaume/miniconda3/envs/asterics/lib/gcc/../../gcc/../lib/gcc/x86_64-pc-linux-gnu/7.1.0/include"]
  ignore line: [ignoring duplicate directory "/home/guillaume/miniconda3/envs/asterics/lib/gcc/../../gcc/../lib/gcc/x86_64-pc-linux-gnu/7.1.0/include-fixed"]
  ignore line: [ignoring nonexistent directory "/home/guillaume/miniconda3/envs/asterics/lib/gcc/../../gcc/../lib/gcc/x86_64-pc-linux-gnu/7.1.0/../../../../../x86_64-pc-linux-gnu/include"]
  ignore line: [#include "..." search starts here:]
  ignore line: [#include <...> search starts here:]
  ignore line: [ /home/guillaume/miniconda3/envs/asterics/bin/../lib/gcc/x86_64-pc-linux-gnu/7.1.0/include]
  ignore line: [ /home/guillaume/miniconda3/envs/asterics/bin/../lib/gcc/x86_64-pc-linux-gnu/7.1.0/include-fixed]
  ignore line: [ /usr/local/include]
  ignore line: [ /home/guillaume/miniconda3/envs/asterics/lib/gcc/../../gcc/include]
  ignore line: [ /usr/include]
  ignore line: [End of search list.]
  ignore line: [GNU C11 (GCC) version 7.1.0 (x86_64-pc-linux-gnu)]
  ignore line: [	compiled by GNU C version 7.1.0, GMP version 6.1.0, MPFR version 3.1.5, MPC version 1.0.3, isl version isl-0.17.1-GMP]
  ignore line: []
  ignore line: [warning: GMP header version 6.1.0 differs from library version 6.1.2.]
  ignore line: [warning: MPFR header version 3.1.5 differs from library version 3.1.6-p2.]
  ignore line: [GGC heuristics: --param ggc-min-expand=100 --param ggc-min-heapsize=131072]
  ignore line: [Compiler executable checksum: cee6a6d8d360e9cda966bdaa39472161]
  ignore line: [COLLECT_GCC_OPTIONS='-v' '-o' 'CMakeFiles/cmTC_3971f.dir/CMakeCCompilerABI.c.o' '-c' '-mtune=generic' '-march=x86-64']
  ignore line: [ as -v --64 -o CMakeFiles/cmTC_3971f.dir/CMakeCCompilerABI.c.o /tmp/ccnQCASC.s]
  ignore line: [GNU assembler version 2.31.1 (x86_64-redhat-linux) using BFD version version 2.31.1-24.fc29]
  ignore line: [COMPILER_PATH=/home/guillaume/miniconda3/envs/asterics/bin/../gcc/libexec/gcc/x86_64-pc-linux-gnu/7.1.0/:/home/guillaume/miniconda3/envs/asterics/bin/../gcc/libexec/gcc/]
  ignore line: [LIBRARY_PATH=/home/guillaume/miniconda3/envs/asterics/bin/../lib/gcc/x86_64-pc-linux-gnu/7.1.0/:/home/guillaume/miniconda3/envs/asterics/bin/../lib/gcc/:/lib/../lib64/:/usr/lib/../lib64/:/home/guillaume/miniconda3/envs/asterics/bin/../lib/gcc/x86_64-pc-linux-gnu/7.1.0/../../../:/lib/:/usr/lib/]
  ignore line: [COLLECT_GCC_OPTIONS='-v' '-o' 'CMakeFiles/cmTC_3971f.dir/CMakeCCompilerABI.c.o' '-c' '-mtune=generic' '-march=x86-64']
  ignore line: [Linking C executable cmTC_3971f]
  ignore line: [/usr/bin/cmake -E cmake_link_script CMakeFiles/cmTC_3971f.dir/link.txt --verbose=1]
  ignore line: [/home/guillaume/miniconda3/envs/asterics/bin/cc     -v -rdynamic CMakeFiles/cmTC_3971f.dir/CMakeCCompilerABI.c.o  -o cmTC_3971f ]
  ignore line: [Reading specs from /home/guillaume/miniconda3/envs/asterics/bin/../lib/gcc/x86_64-pc-linux-gnu/7.1.0/specs]
  ignore line: [COLLECT_GCC=/home/guillaume/miniconda3/envs/asterics/bin/cc]
  ignore line: [COLLECT_LTO_WRAPPER=/home/guillaume/miniconda3/envs/asterics/bin/../gcc/libexec/gcc/x86_64-pc-linux-gnu/7.1.0/lto-wrapper]
  ignore line: [Target: x86_64-pc-linux-gnu]
  ignore line: [Configured with: ./configure --prefix=/home/weiyan/.anaconda2/conda-bld/gcc-7_1495265979526/_b_env_placehold_placehold_placehold_placehold_placehold_placehold_placehold_placehold_placehold_placehold_placehold_placehold_placehold_placehold_placehold_placehold_placehold_placehold_placehold_plac/gcc --with-gxx-include-dir=/home/weiyan/.anaconda2/conda-bld/gcc-7_1495265979526/_b_env_placehold_placehold_placehold_placehold_placehold_placehold_placehold_placehold_placehold_placehold_placehold_placehold_placehold_placehold_placehold_placehold_placehold_placehold_placehold_plac/gcc/include/c++ --bindir=/home/weiyan/.anaconda2/conda-bld/gcc-7_1495265979526/_b_env_placehold_placehold_placehold_placehold_placehold_placehold_placehold_placehold_placehold_placehold_placehold_placehold_placehold_placehold_placehold_placehold_placehold_placehold_placehold_plac/gcc/../bin --datarootdir=/home/weiyan/.anaconda2/conda-bld/gcc-7_1495265979526/_b_env_placehold_placehold_placehold_placehold_placehold_placehold_placehold_placehold_placehold_placehold_placehold_placehold_placehold_placehold_placehold_placehold_placehold_placehold_placehold_plac/gcc/../share --libdir=/home/weiyan/.anaconda2/conda-bld/gcc-7_1495265979526/_b_env_placehold_placehold_placehold_placehold_placehold_placehold_placehold_placehold_placehold_placehold_placehold_placehold_placehold_placehold_placehold_placehold_placehold_placehold_placehold_plac/gcc/../lib --with-gmp=/home/weiyan/.anaconda2/conda-bld/gcc-7_1495265979526/_b_env_placehold_placehold_placehold_placehold_placehold_placehold_placehold_placehold_placehold_placehold_placehold_placehold_placehold_placehold_placehold_placehold_placehold_placehold_placehold_plac --with-mpfr=/home/weiyan/.anaconda2/conda-bld/gcc-7_1495265979526/_b_env_placehold_placehold_placehold_placehold_placehold_placehold_placehold_placehold_placehold_placehold_placehold_placehold_placehold_placehold_placehold_placehold_placehold_placehold_placehold_plac --with-mpc=/home/weiyan/.anaconda2/conda-bld/gcc-7_1495265979526/_b_env_placehold_placehold_placehold_placehold_placehold_placehold_placehold_placehold_placehold_placehold_placehold_placehold_placehold_placehold_placehold_placehold_placehold_placehold_placehold_plac --with-isl=/home/weiyan/.anaconda2/conda-bld/gcc-7_1495265979526/_b_env_placehold_placehold_placehold_placehold_placehold_placehold_placehold_placehold_placehold_placehold_placehold_placehold_placehold_placehold_placehold_placehold_placehold_placehold_placehold_plac --with-cloog=/home/weiyan/.anaconda2/conda-bld/gcc-7_1495265979526/_b_env_placehold_placehold_placehold_placehold_placehold_placehold_placehold_placehold_placehold_placehold_placehold_placehold_placehold_placehold_placehold_placehold_placehold_placehold_placehold_plac --enable-checking=release --with-tune=generic --disable-multilib]
  ignore line: [Thread model: posix]
  ignore line: [gcc version 7.1.0 (GCC) ]
  ignore line: [COMPILER_PATH=/home/guillaume/miniconda3/envs/asterics/bin/../gcc/libexec/gcc/x86_64-pc-linux-gnu/7.1.0/:/home/guillaume/miniconda3/envs/asterics/bin/../gcc/libexec/gcc/]
  ignore line: [LIBRARY_PATH=/home/guillaume/miniconda3/envs/asterics/bin/../lib/gcc/x86_64-pc-linux-gnu/7.1.0/:/home/guillaume/miniconda3/envs/asterics/bin/../lib/gcc/:/lib/../lib64/:/usr/lib/../lib64/:/home/guillaume/miniconda3/envs/asterics/bin/../lib/gcc/x86_64-pc-linux-gnu/7.1.0/../../../:/lib/:/usr/lib/]
  ignore line: [COLLECT_GCC_OPTIONS='-v' '-rdynamic' '-o' 'cmTC_3971f' '-mtune=generic' '-march=x86-64']
  link line: [ /home/guillaume/miniconda3/envs/asterics/bin/../gcc/libexec/gcc/x86_64-pc-linux-gnu/7.1.0/collect2 -plugin /home/guillaume/miniconda3/envs/asterics/bin/../gcc/libexec/gcc/x86_64-pc-linux-gnu/7.1.0/liblto_plugin.so -plugin-opt=/home/guillaume/miniconda3/envs/asterics/bin/../gcc/libexec/gcc/x86_64-pc-linux-gnu/7.1.0/lto-wrapper -plugin-opt=-fresolution=/tmp/cc1JY0XF.res -plugin-opt=-pass-through=-lgcc -plugin-opt=-pass-through=-lgcc_s -plugin-opt=-pass-through=-lc -plugin-opt=-pass-through=-lgcc -plugin-opt=-pass-through=-lgcc_s --eh-frame-hdr -m elf_x86_64 -export-dynamic -dynamic-linker /lib64/ld-linux-x86-64.so.2 -o cmTC_3971f /home/guillaume/miniconda3/envs/asterics/bin/../lib/gcc/x86_64-pc-linux-gnu/7.1.0/crt1.o /home/guillaume/miniconda3/envs/asterics/bin/../lib/gcc/x86_64-pc-linux-gnu/7.1.0/crti.o /home/guillaume/miniconda3/envs/asterics/bin/../lib/gcc/x86_64-pc-linux-gnu/7.1.0/crtbegin.o -L/home/guillaume/miniconda3/envs/asterics/bin/../lib/gcc/x86_64-pc-linux-gnu/7.1.0 -L/home/guillaume/miniconda3/envs/asterics/bin/../lib/gcc -L/lib/../lib64 -L/usr/lib/../lib64 -L/home/guillaume/miniconda3/envs/asterics/bin/../lib/gcc/x86_64-pc-linux-gnu/7.1.0/../../.. -L/usr/x86_64-redhat-linux/lib64 -L/usr/lib64 -L/usr/local/lib64 -L/lib64 -L/usr/x86_64-redhat-linux/lib -L/usr/local/lib -L/lib -L/usr/lib CMakeFiles/cmTC_3971f.dir/CMakeCCompilerABI.c.o -lgcc --as-needed -lgcc_s --no-as-needed -lc -lgcc --as-needed -lgcc_s --no-as-needed /home/guillaume/miniconda3/envs/asterics/bin/../lib/gcc/x86_64-pc-linux-gnu/7.1.0/crtend.o /home/guillaume/miniconda3/envs/asterics/bin/../lib/gcc/x86_64-pc-linux-gnu/7.1.0/crtn.o]
    arg [/home/guillaume/miniconda3/envs/asterics/bin/../gcc/libexec/gcc/x86_64-pc-linux-gnu/7.1.0/collect2] ==> ignore
    arg [-plugin] ==> ignore
    arg [/home/guillaume/miniconda3/envs/asterics/bin/../gcc/libexec/gcc/x86_64-pc-linux-gnu/7.1.0/liblto_plugin.so] ==> ignore
    arg [-plugin-opt=/home/guillaume/miniconda3/envs/asterics/bin/../gcc/libexec/gcc/x86_64-pc-linux-gnu/7.1.0/lto-wrapper] ==> ignore
    arg [-plugin-opt=-fresolution=/tmp/cc1JY0XF.res] ==> ignore
    arg [-plugin-opt=-pass-through=-lgcc] ==> ignore
    arg [-plugin-opt=-pass-through=-lgcc_s] ==> ignore
    arg [-plugin-opt=-pass-through=-lc] ==> ignore
    arg [-plugin-opt=-pass-through=-lgcc] ==> ignore
    arg [-plugin-opt=-pass-through=-lgcc_s] ==> ignore
    arg [--eh-frame-hdr] ==> ignore
    arg [-m] ==> ignore
    arg [elf_x86_64] ==> ignore
    arg [-export-dynamic] ==> ignore
    arg [-dynamic-linker] ==> ignore
    arg [/lib64/ld-linux-x86-64.so.2] ==> ignore
    arg [-o] ==> ignore
    arg [cmTC_3971f] ==> ignore
    arg [/home/guillaume/miniconda3/envs/asterics/bin/../lib/gcc/x86_64-pc-linux-gnu/7.1.0/crt1.o] ==> ignore
    arg [/home/guillaume/miniconda3/envs/asterics/bin/../lib/gcc/x86_64-pc-linux-gnu/7.1.0/crti.o] ==> ignore
    arg [/home/guillaume/miniconda3/envs/asterics/bin/../lib/gcc/x86_64-pc-linux-gnu/7.1.0/crtbegin.o] ==> ignore
    arg [-L/home/guillaume/miniconda3/envs/asterics/bin/../lib/gcc/x86_64-pc-linux-gnu/7.1.0] ==> dir [/home/guillaume/miniconda3/envs/asterics/bin/../lib/gcc/x86_64-pc-linux-gnu/7.1.0]
    arg [-L/home/guillaume/miniconda3/envs/asterics/bin/../lib/gcc] ==> dir [/home/guillaume/miniconda3/envs/asterics/bin/../lib/gcc]
    arg [-L/lib/../lib64] ==> dir [/lib/../lib64]
    arg [-L/usr/lib/../lib64] ==> dir [/usr/lib/../lib64]
    arg [-L/home/guillaume/miniconda3/envs/asterics/bin/../lib/gcc/x86_64-pc-linux-gnu/7.1.0/../../..] ==> dir [/home/guillaume/miniconda3/envs/asterics/bin/../lib/gcc/x86_64-pc-linux-gnu/7.1.0/../../..]
    arg [-L/usr/x86_64-redhat-linux/lib64] ==> dir [/usr/x86_64-redhat-linux/lib64]
    arg [-L/usr/lib64] ==> dir [/usr/lib64]
    arg [-L/usr/local/lib64] ==> dir [/usr/local/lib64]
    arg [-L/lib64] ==> dir [/lib64]
    arg [-L/usr/x86_64-redhat-linux/lib] ==> dir [/usr/x86_64-redhat-linux/lib]
    arg [-L/usr/local/lib] ==> dir [/usr/local/lib]
    arg [-L/lib] ==> dir [/lib]
    arg [-L/usr/lib] ==> dir [/usr/lib]
    arg [CMakeFiles/cmTC_3971f.dir/CMakeCCompilerABI.c.o] ==> ignore
    arg [-lgcc] ==> lib [gcc]
    arg [--as-needed] ==> ignore
    arg [-lgcc_s] ==> lib [gcc_s]
    arg [--no-as-needed] ==> ignore
    arg [-lc] ==> lib [c]
    arg [-lgcc] ==> lib [gcc]
    arg [--as-needed] ==> ignore
    arg [-lgcc_s] ==> lib [gcc_s]
    arg [--no-as-needed] ==> ignore
    arg [/home/guillaume/miniconda3/envs/asterics/bin/../lib/gcc/x86_64-pc-linux-gnu/7.1.0/crtend.o] ==> ignore
    arg [/home/guillaume/miniconda3/envs/asterics/bin/../lib/gcc/x86_64-pc-linux-gnu/7.1.0/crtn.o] ==> ignore
  collapse library dir [/home/guillaume/miniconda3/envs/asterics/bin/../lib/gcc/x86_64-pc-linux-gnu/7.1.0] ==> [/home/guillaume/miniconda3/envs/asterics/lib/gcc/x86_64-pc-linux-gnu/7.1.0]
  collapse library dir [/home/guillaume/miniconda3/envs/asterics/bin/../lib/gcc] ==> [/home/guillaume/miniconda3/envs/asterics/lib/gcc]
  collapse library dir [/lib/../lib64] ==> [/lib64]
  collapse library dir [/usr/lib/../lib64] ==> [/usr/lib64]
  collapse library dir [/home/guillaume/miniconda3/envs/asterics/bin/../lib/gcc/x86_64-pc-linux-gnu/7.1.0/../../..] ==> [/home/guillaume/miniconda3/envs/asterics/lib]
  collapse library dir [/usr/x86_64-redhat-linux/lib64] ==> [/usr/x86_64-redhat-linux/lib64]
  collapse library dir [/usr/lib64] ==> [/usr/lib64]
  collapse library dir [/usr/local/lib64] ==> [/usr/local/lib64]
  collapse library dir [/lib64] ==> [/lib64]
  collapse library dir [/usr/x86_64-redhat-linux/lib] ==> [/usr/x86_64-redhat-linux/lib]
  collapse library dir [/usr/local/lib] ==> [/usr/local/lib]
  collapse library dir [/lib] ==> [/lib]
  collapse library dir [/usr/lib] ==> [/usr/lib]
  implicit libs: [gcc;gcc_s;c;gcc;gcc_s]
  implicit dirs: [/home/guillaume/miniconda3/envs/asterics/lib/gcc/x86_64-pc-linux-gnu/7.1.0;/home/guillaume/miniconda3/envs/asterics/lib/gcc;/lib64;/usr/lib64;/home/guillaume/miniconda3/envs/asterics/lib;/usr/x86_64-redhat-linux/lib64;/usr/local/lib64;/usr/x86_64-redhat-linux/lib;/usr/local/lib;/lib;/usr/lib]
  implicit fwks: []




Detecting C [-std=c11] compiler features compiled with the following output:
Change Dir: /home/guillaume/Documents/asterics2020/asterics-cpp/build/CMakeFiles/CMakeTmp

Run Build Command(s):/usr/bin/gmake cmTC_13b5d/fast 
/usr/bin/gmake -f CMakeFiles/cmTC_13b5d.dir/build.make CMakeFiles/cmTC_13b5d.dir/build
gmake[1] : on entre dans le répertoire « /home/guillaume/Documents/asterics2020/asterics-cpp/build/CMakeFiles/CMakeTmp »
Building C object CMakeFiles/cmTC_13b5d.dir/feature_tests.c.o
/home/guillaume/miniconda3/envs/asterics/bin/cc   -std=c11 -o CMakeFiles/cmTC_13b5d.dir/feature_tests.c.o   -c /home/guillaume/Documents/asterics2020/asterics-cpp/build/CMakeFiles/feature_tests.c
Linking C executable cmTC_13b5d
/usr/bin/cmake -E cmake_link_script CMakeFiles/cmTC_13b5d.dir/link.txt --verbose=1
/home/guillaume/miniconda3/envs/asterics/bin/cc      -rdynamic CMakeFiles/cmTC_13b5d.dir/feature_tests.c.o  -o cmTC_13b5d 
gmake[1] : on quitte le répertoire « /home/guillaume/Documents/asterics2020/asterics-cpp/build/CMakeFiles/CMakeTmp »


    Feature record: C_FEATURE:1c_function_prototypes
    Feature record: C_FEATURE:1c_restrict
    Feature record: C_FEATURE:1c_static_assert
    Feature record: C_FEATURE:1c_variadic_macros


Detecting C [-std=c99] compiler features compiled with the following output:
Change Dir: /home/guillaume/Documents/asterics2020/asterics-cpp/build/CMakeFiles/CMakeTmp

Run Build Command(s):/usr/bin/gmake cmTC_a9280/fast 
/usr/bin/gmake -f CMakeFiles/cmTC_a9280.dir/build.make CMakeFiles/cmTC_a9280.dir/build
gmake[1] : on entre dans le répertoire « /home/guillaume/Documents/asterics2020/asterics-cpp/build/CMakeFiles/CMakeTmp »
Building C object CMakeFiles/cmTC_a9280.dir/feature_tests.c.o
/home/guillaume/miniconda3/envs/asterics/bin/cc   -std=c99 -o CMakeFiles/cmTC_a9280.dir/feature_tests.c.o   -c /home/guillaume/Documents/asterics2020/asterics-cpp/build/CMakeFiles/feature_tests.c
Linking C executable cmTC_a9280
/usr/bin/cmake -E cmake_link_script CMakeFiles/cmTC_a9280.dir/link.txt --verbose=1
/home/guillaume/miniconda3/envs/asterics/bin/cc      -rdynamic CMakeFiles/cmTC_a9280.dir/feature_tests.c.o  -o cmTC_a9280 
gmake[1] : on quitte le répertoire « /home/guillaume/Documents/asterics2020/asterics-cpp/build/CMakeFiles/CMakeTmp »


    Feature record: C_FEATURE:1c_function_prototypes
    Feature record: C_FEATURE:1c_restrict
    Feature record: C_FEATURE:0c_static_assert
    Feature record: C_FEATURE:1c_variadic_macros


Detecting C [-std=c90] compiler features compiled with the following output:
Change Dir: /home/guillaume/Documents/asterics2020/asterics-cpp/build/CMakeFiles/CMakeTmp

Run Build Command(s):/usr/bin/gmake cmTC_7e3e9/fast 
/usr/bin/gmake -f CMakeFiles/cmTC_7e3e9.dir/build.make CMakeFiles/cmTC_7e3e9.dir/build
gmake[1] : on entre dans le répertoire « /home/guillaume/Documents/asterics2020/asterics-cpp/build/CMakeFiles/CMakeTmp »
Building C object CMakeFiles/cmTC_7e3e9.dir/feature_tests.c.o
/home/guillaume/miniconda3/envs/asterics/bin/cc   -std=c90 -o CMakeFiles/cmTC_7e3e9.dir/feature_tests.c.o   -c /home/guillaume/Documents/asterics2020/asterics-cpp/build/CMakeFiles/feature_tests.c
Linking C executable cmTC_7e3e9
/usr/bin/cmake -E cmake_link_script CMakeFiles/cmTC_7e3e9.dir/link.txt --verbose=1
/home/guillaume/miniconda3/envs/asterics/bin/cc      -rdynamic CMakeFiles/cmTC_7e3e9.dir/feature_tests.c.o  -o cmTC_7e3e9 
gmake[1] : on quitte le répertoire « /home/guillaume/Documents/asterics2020/asterics-cpp/build/CMakeFiles/CMakeTmp »


    Feature record: C_FEATURE:1c_function_prototypes
    Feature record: C_FEATURE:0c_restrict
    Feature record: C_FEATURE:0c_static_assert
    Feature record: C_FEATURE:0c_variadic_macros
Determining if the CXX compiler works passed with the following output:
Change Dir: /home/guillaume/Documents/asterics2020/asterics-cpp/build/CMakeFiles/CMakeTmp

Run Build Command(s):/usr/bin/gmake cmTC_6a20c/fast 
/usr/bin/gmake -f CMakeFiles/cmTC_6a20c.dir/build.make CMakeFiles/cmTC_6a20c.dir/build
gmake[1] : on entre dans le répertoire « /home/guillaume/Documents/asterics2020/asterics-cpp/build/CMakeFiles/CMakeTmp »
Building CXX object CMakeFiles/cmTC_6a20c.dir/testCXXCompiler.cxx.o
/home/guillaume/miniconda3/envs/asterics/bin/c++     -o CMakeFiles/cmTC_6a20c.dir/testCXXCompiler.cxx.o -c /home/guillaume/Documents/asterics2020/asterics-cpp/build/CMakeFiles/CMakeTmp/testCXXCompiler.cxx
Linking CXX executable cmTC_6a20c
/usr/bin/cmake -E cmake_link_script CMakeFiles/cmTC_6a20c.dir/link.txt --verbose=1
/home/guillaume/miniconda3/envs/asterics/bin/c++       -rdynamic CMakeFiles/cmTC_6a20c.dir/testCXXCompiler.cxx.o  -o cmTC_6a20c 
gmake[1] : on quitte le répertoire « /home/guillaume/Documents/asterics2020/asterics-cpp/build/CMakeFiles/CMakeTmp »


Detecting CXX compiler ABI info compiled with the following output:
Change Dir: /home/guillaume/Documents/asterics2020/asterics-cpp/build/CMakeFiles/CMakeTmp

Run Build Command(s):/usr/bin/gmake cmTC_6b7bc/fast 
/usr/bin/gmake -f CMakeFiles/cmTC_6b7bc.dir/build.make CMakeFiles/cmTC_6b7bc.dir/build
gmake[1]: Entering directory '/home/guillaume/Documents/asterics2020/asterics-cpp/build/CMakeFiles/CMakeTmp'
Building CXX object CMakeFiles/cmTC_6b7bc.dir/CMakeCXXCompilerABI.cpp.o
/home/guillaume/miniconda3/envs/asterics/bin/c++    -v -o CMakeFiles/cmTC_6b7bc.dir/CMakeCXXCompilerABI.cpp.o -c /usr/share/cmake/Modules/CMakeCXXCompilerABI.cpp
Reading specs from /home/guillaume/miniconda3/envs/asterics/bin/../lib/gcc/x86_64-pc-linux-gnu/7.1.0/specs
COLLECT_GCC=/home/guillaume/miniconda3/envs/asterics/bin/c++
Target: x86_64-pc-linux-gnu
Configured with: ./configure --prefix=/home/weiyan/.anaconda2/conda-bld/gcc-7_1495265979526/_b_env_placehold_placehold_placehold_placehold_placehold_placehold_placehold_placehold_placehold_placehold_placehold_placehold_placehold_placehold_placehold_placehold_placehold_placehold_placehold_plac/gcc --with-gxx-include-dir=/home/weiyan/.anaconda2/conda-bld/gcc-7_1495265979526/_b_env_placehold_placehold_placehold_placehold_placehold_placehold_placehold_placehold_placehold_placehold_placehold_placehold_placehold_placehold_placehold_placehold_placehold_placehold_placehold_plac/gcc/include/c++ --bindir=/home/weiyan/.anaconda2/conda-bld/gcc-7_1495265979526/_b_env_placehold_placehold_placehold_placehold_placehold_placehold_placehold_placehold_placehold_placehold_placehold_placehold_placehold_placehold_placehold_placehold_placehold_placehold_placehold_plac/gcc/../bin --datarootdir=/home/weiyan/.anaconda2/conda-bld/gcc-7_1495265979526/_b_env_placehold_placehold_placehold_placehold_placehold_placehold_placehold_placehold_placehold_placehold_placehold_placehold_placehold_placehold_placehold_placehold_placehold_placehold_placehold_plac/gcc/../share --libdir=/home/weiyan/.anaconda2/conda-bld/gcc-7_1495265979526/_b_env_placehold_placehold_placehold_placehold_placehold_placehold_placehold_placehold_placehold_placehold_placehold_placehold_placehold_placehold_placehold_placehold_placehold_placehold_placehold_plac/gcc/../lib --with-gmp=/home/weiyan/.anaconda2/conda-bld/gcc-7_1495265979526/_b_env_placehold_placehold_placehold_placehold_placehold_placehold_placehold_placehold_placehold_placehold_placehold_placehold_placehold_placehold_placehold_placehold_placehold_placehold_placehold_plac --with-mpfr=/home/weiyan/.anaconda2/conda-bld/gcc-7_1495265979526/_b_env_placehold_placehold_placehold_placehold_placehold_placehold_placehold_placehold_placehold_placehold_placehold_placehold_placehold_placehold_placehold_placehold_placehold_placehold_placehold_plac --with-mpc=/home/weiyan/.anaconda2/conda-bld/gcc-7_1495265979526/_b_env_placehold_placehold_placehold_placehold_placehold_placehold_placehold_placehold_placehold_placehold_placehold_placehold_placehold_placehold_placehold_placehold_placehold_placehold_placehold_plac --with-isl=/home/weiyan/.anaconda2/conda-bld/gcc-7_1495265979526/_b_env_placehold_placehold_placehold_placehold_placehold_placehold_placehold_placehold_placehold_placehold_placehold_placehold_placehold_placehold_placehold_placehold_placehold_placehold_placehold_plac --with-cloog=/home/weiyan/.anaconda2/conda-bld/gcc-7_1495265979526/_b_env_placehold_placehold_placehold_placehold_placehold_placehold_placehold_placehold_placehold_placehold_placehold_placehold_placehold_placehold_placehold_placehold_placehold_placehold_placehold_plac --enable-checking=release --with-tune=generic --disable-multilib
Thread model: posix
gcc version 7.1.0 (GCC) 
COLLECT_GCC_OPTIONS='-v' '-o' 'CMakeFiles/cmTC_6b7bc.dir/CMakeCXXCompilerABI.cpp.o' '-c' '-shared-libgcc' '-mtune=generic' '-march=x86-64'
 /home/guillaume/miniconda3/envs/asterics/bin/../gcc/libexec/gcc/x86_64-pc-linux-gnu/7.1.0/cc1plus -quiet -v -iprefix /home/guillaume/miniconda3/envs/asterics/bin/../lib/gcc/x86_64-pc-linux-gnu/7.1.0/ -D_GNU_SOURCE -isystem /usr/include/x86_64-linux-gnu -isystem /usr/include/i686-linux-gnu -isystem /usr/include/i386-linux-gnu /usr/share/cmake/Modules/CMakeCXXCompilerABI.cpp -quiet -dumpbase CMakeCXXCompilerABI.cpp -mtune=generic -march=x86-64 -auxbase-strip CMakeFiles/cmTC_6b7bc.dir/CMakeCXXCompilerABI.cpp.o -version -o /tmp/cc6oVmld.s
GNU C++14 (GCC) version 7.1.0 (x86_64-pc-linux-gnu)
	compiled by GNU C version 7.1.0, GMP version 6.1.0, MPFR version 3.1.5, MPC version 1.0.3, isl version isl-0.17.1-GMP

warning: GMP header version 6.1.0 differs from library version 6.1.2.
warning: MPFR header version 3.1.5 differs from library version 3.1.6-p2.
GGC heuristics: --param ggc-min-expand=100 --param ggc-min-heapsize=131072
ignoring nonexistent directory "/usr/include/x86_64-linux-gnu"
ignoring nonexistent directory "/usr/include/i686-linux-gnu"
ignoring nonexistent directory "/usr/include/i386-linux-gnu"
ignoring nonexistent directory "/home/guillaume/miniconda3/envs/asterics/bin/../lib/gcc/x86_64-pc-linux-gnu/7.1.0/../../../../../x86_64-pc-linux-gnu/include"
ignoring duplicate directory "/home/guillaume/miniconda3/envs/asterics/lib/gcc/../../gcc/../lib/gcc/x86_64-pc-linux-gnu/7.1.0/include"
ignoring duplicate directory "/home/guillaume/miniconda3/envs/asterics/lib/gcc/../../gcc/../lib/gcc/x86_64-pc-linux-gnu/7.1.0/include-fixed"
ignoring nonexistent directory "/home/guillaume/miniconda3/envs/asterics/lib/gcc/../../gcc/../lib/gcc/x86_64-pc-linux-gnu/7.1.0/../../../../../x86_64-pc-linux-gnu/include"
#include "..." search starts here:
#include <...> search starts here:
 /home/guillaume/miniconda3/envs/asterics/bin/../lib/gcc/x86_64-pc-linux-gnu/7.1.0/include
 /home/guillaume/miniconda3/envs/asterics/bin/../lib/gcc/x86_64-pc-linux-gnu/7.1.0/include-fixed
 /home/guillaume/miniconda3/envs/asterics/lib/gcc/../../gcc/include/c++
 /home/guillaume/miniconda3/envs/asterics/lib/gcc/../../gcc/include/c++/x86_64-pc-linux-gnu
 /home/guillaume/miniconda3/envs/asterics/lib/gcc/../../gcc/include/c++/backward
 /usr/local/include
 /home/guillaume/miniconda3/envs/asterics/lib/gcc/../../gcc/include
 /usr/include
End of search list.
GNU C++14 (GCC) version 7.1.0 (x86_64-pc-linux-gnu)
	compiled by GNU C version 7.1.0, GMP version 6.1.0, MPFR version 3.1.5, MPC version 1.0.3, isl version isl-0.17.1-GMP

warning: GMP header version 6.1.0 differs from library version 6.1.2.
warning: MPFR header version 3.1.5 differs from library version 3.1.6-p2.
GGC heuristics: --param ggc-min-expand=100 --param ggc-min-heapsize=131072
Compiler executable checksum: a5c267270b07a6633a094869ef72084f
COLLECT_GCC_OPTIONS='-v' '-o' 'CMakeFiles/cmTC_6b7bc.dir/CMakeCXXCompilerABI.cpp.o' '-c' '-shared-libgcc' '-mtune=generic' '-march=x86-64'
 as -v --64 -o CMakeFiles/cmTC_6b7bc.dir/CMakeCXXCompilerABI.cpp.o /tmp/cc6oVmld.s
GNU assembler version 2.31.1 (x86_64-redhat-linux) using BFD version version 2.31.1-24.fc29
COMPILER_PATH=/home/guillaume/miniconda3/envs/asterics/bin/../gcc/libexec/gcc/x86_64-pc-linux-gnu/7.1.0/:/home/guillaume/miniconda3/envs/asterics/bin/../gcc/libexec/gcc/
LIBRARY_PATH=/home/guillaume/miniconda3/envs/asterics/bin/../lib/gcc/x86_64-pc-linux-gnu/7.1.0/:/home/guillaume/miniconda3/envs/asterics/bin/../lib/gcc/:/lib/../lib64/:/usr/lib/../lib64/:/home/guillaume/miniconda3/envs/asterics/bin/../lib/gcc/x86_64-pc-linux-gnu/7.1.0/../../../:/lib/:/usr/lib/
COLLECT_GCC_OPTIONS='-v' '-o' 'CMakeFiles/cmTC_6b7bc.dir/CMakeCXXCompilerABI.cpp.o' '-c' '-shared-libgcc' '-mtune=generic' '-march=x86-64'
Linking CXX executable cmTC_6b7bc
/usr/bin/cmake -E cmake_link_script CMakeFiles/cmTC_6b7bc.dir/link.txt --verbose=1
/home/guillaume/miniconda3/envs/asterics/bin/c++      -v -rdynamic CMakeFiles/cmTC_6b7bc.dir/CMakeCXXCompilerABI.cpp.o  -o cmTC_6b7bc 
Reading specs from /home/guillaume/miniconda3/envs/asterics/bin/../lib/gcc/x86_64-pc-linux-gnu/7.1.0/specs
COLLECT_GCC=/home/guillaume/miniconda3/envs/asterics/bin/c++
COLLECT_LTO_WRAPPER=/home/guillaume/miniconda3/envs/asterics/bin/../gcc/libexec/gcc/x86_64-pc-linux-gnu/7.1.0/lto-wrapper
Target: x86_64-pc-linux-gnu
Configured with: ./configure --prefix=/home/weiyan/.anaconda2/conda-bld/gcc-7_1495265979526/_b_env_placehold_placehold_placehold_placehold_placehold_placehold_placehold_placehold_placehold_placehold_placehold_placehold_placehold_placehold_placehold_placehold_placehold_placehold_placehold_plac/gcc --with-gxx-include-dir=/home/weiyan/.anaconda2/conda-bld/gcc-7_1495265979526/_b_env_placehold_placehold_placehold_placehold_placehold_placehold_placehold_placehold_placehold_placehold_placehold_placehold_placehold_placehold_placehold_placehold_placehold_placehold_placehold_plac/gcc/include/c++ --bindir=/home/weiyan/.anaconda2/conda-bld/gcc-7_1495265979526/_b_env_placehold_placehold_placehold_placehold_placehold_placehold_placehold_placehold_placehold_placehold_placehold_placehold_placehold_placehold_placehold_placehold_placehold_placehold_placehold_plac/gcc/../bin --datarootdir=/home/weiyan/.anaconda2/conda-bld/gcc-7_1495265979526/_b_env_placehold_placehold_placehold_placehold_placehold_placehold_placehold_placehold_placehold_placehold_placehold_placehold_placehold_placehold_placehold_placehold_placehold_placehold_placehold_plac/gcc/../share --libdir=/home/weiyan/.anaconda2/conda-bld/gcc-7_1495265979526/_b_env_placehold_placehold_placehold_placehold_placehold_placehold_placehold_placehold_placehold_placehold_placehold_placehold_placehold_placehold_placehold_placehold_placehold_placehold_placehold_plac/gcc/../lib --with-gmp=/home/weiyan/.anaconda2/conda-bld/gcc-7_1495265979526/_b_env_placehold_placehold_placehold_placehold_placehold_placehold_placehold_placehold_placehold_placehold_placehold_placehold_placehold_placehold_placehold_placehold_placehold_placehold_placehold_plac --with-mpfr=/home/weiyan/.anaconda2/conda-bld/gcc-7_1495265979526/_b_env_placehold_placehold_placehold_placehold_placehold_placehold_placehold_placehold_placehold_placehold_placehold_placehold_placehold_placehold_placehold_placehold_placehold_placehold_placehold_plac --with-mpc=/home/weiyan/.anaconda2/conda-bld/gcc-7_1495265979526/_b_env_placehold_placehold_placehold_placehold_placehold_placehold_placehold_placehold_placehold_placehold_placehold_placehold_placehold_placehold_placehold_placehold_placehold_placehold_placehold_plac --with-isl=/home/weiyan/.anaconda2/conda-bld/gcc-7_1495265979526/_b_env_placehold_placehold_placehold_placehold_placehold_placehold_placehold_placehold_placehold_placehold_placehold_placehold_placehold_placehold_placehold_placehold_placehold_placehold_placehold_plac --with-cloog=/home/weiyan/.anaconda2/conda-bld/gcc-7_1495265979526/_b_env_placehold_placehold_placehold_placehold_placehold_placehold_placehold_placehold_placehold_placehold_placehold_placehold_placehold_placehold_placehold_placehold_placehold_placehold_placehold_plac --enable-checking=release --with-tune=generic --disable-multilib
Thread model: posix
gcc version 7.1.0 (GCC) 
COMPILER_PATH=/home/guillaume/miniconda3/envs/asterics/bin/../gcc/libexec/gcc/x86_64-pc-linux-gnu/7.1.0/:/home/guillaume/miniconda3/envs/asterics/bin/../gcc/libexec/gcc/
LIBRARY_PATH=/home/guillaume/miniconda3/envs/asterics/bin/../lib/gcc/x86_64-pc-linux-gnu/7.1.0/:/home/guillaume/miniconda3/envs/asterics/bin/../lib/gcc/:/lib/../lib64/:/usr/lib/../lib64/:/home/guillaume/miniconda3/envs/asterics/bin/../lib/gcc/x86_64-pc-linux-gnu/7.1.0/../../../:/lib/:/usr/lib/
COLLECT_GCC_OPTIONS='-v' '-rdynamic' '-o' 'cmTC_6b7bc' '-shared-libgcc' '-mtune=generic' '-march=x86-64'
 /home/guillaume/miniconda3/envs/asterics/bin/../gcc/libexec/gcc/x86_64-pc-linux-gnu/7.1.0/collect2 -plugin /home/guillaume/miniconda3/envs/asterics/bin/../gcc/libexec/gcc/x86_64-pc-linux-gnu/7.1.0/liblto_plugin.so -plugin-opt=/home/guillaume/miniconda3/envs/asterics/bin/../gcc/libexec/gcc/x86_64-pc-linux-gnu/7.1.0/lto-wrapper -plugin-opt=-fresolution=/tmp/cc0twZbg.res -plugin-opt=-pass-through=-lgcc_s -plugin-opt=-pass-through=-lgcc -plugin-opt=-pass-through=-lc -plugin-opt=-pass-through=-lgcc_s -plugin-opt=-pass-through=-lgcc --eh-frame-hdr -m elf_x86_64 -export-dynamic -dynamic-linker /lib64/ld-linux-x86-64.so.2 -o cmTC_6b7bc /home/guillaume/miniconda3/envs/asterics/bin/../lib/gcc/x86_64-pc-linux-gnu/7.1.0/crt1.o /home/guillaume/miniconda3/envs/asterics/bin/../lib/gcc/x86_64-pc-linux-gnu/7.1.0/crti.o /home/guillaume/miniconda3/envs/asterics/bin/../lib/gcc/x86_64-pc-linux-gnu/7.1.0/crtbegin.o -L/home/guillaume/miniconda3/envs/asterics/bin/../lib/gcc/x86_64-pc-linux-gnu/7.1.0 -L/home/guillaume/miniconda3/envs/asterics/bin/../lib/gcc -L/lib/../lib64 -L/usr/lib/../lib64 -L/home/guillaume/miniconda3/envs/asterics/bin/../lib/gcc/x86_64-pc-linux-gnu/7.1.0/../../.. -L/usr/x86_64-redhat-linux/lib64 -L/usr/lib64 -L/usr/local/lib64 -L/lib64 -L/usr/x86_64-redhat-linux/lib -L/usr/local/lib -L/lib -L/usr/lib CMakeFiles/cmTC_6b7bc.dir/CMakeCXXCompilerABI.cpp.o -lstdc++ -lm -lgcc_s -lgcc -lc -lgcc_s -lgcc /home/guillaume/miniconda3/envs/asterics/bin/../lib/gcc/x86_64-pc-linux-gnu/7.1.0/crtend.o /home/guillaume/miniconda3/envs/asterics/bin/../lib/gcc/x86_64-pc-linux-gnu/7.1.0/crtn.o
COLLECT_GCC_OPTIONS='-v' '-rdynamic' '-o' 'cmTC_6b7bc' '-shared-libgcc' '-mtune=generic' '-march=x86-64'
gmake[1]: Leaving directory '/home/guillaume/Documents/asterics2020/asterics-cpp/build/CMakeFiles/CMakeTmp'


Parsed CXX implicit include dir info from above output: rv=done
  found start of include info
  found start of implicit include info
    add: [/home/guillaume/miniconda3/envs/asterics/bin/../lib/gcc/x86_64-pc-linux-gnu/7.1.0/include]
    add: [/home/guillaume/miniconda3/envs/asterics/bin/../lib/gcc/x86_64-pc-linux-gnu/7.1.0/include-fixed]
    add: [/home/guillaume/miniconda3/envs/asterics/lib/gcc/../../gcc/include/c++]
    add: [/home/guillaume/miniconda3/envs/asterics/lib/gcc/../../gcc/include/c++/x86_64-pc-linux-gnu]
    add: [/home/guillaume/miniconda3/envs/asterics/lib/gcc/../../gcc/include/c++/backward]
    add: [/usr/local/include]
    add: [/home/guillaume/miniconda3/envs/asterics/lib/gcc/../../gcc/include]
    add: [/usr/include]
  end of search list found
  collapse include dir [/home/guillaume/miniconda3/envs/asterics/bin/../lib/gcc/x86_64-pc-linux-gnu/7.1.0/include] ==> [/home/guillaume/miniconda3/envs/asterics/lib/gcc/x86_64-pc-linux-gnu/7.1.0/include]
  collapse include dir [/home/guillaume/miniconda3/envs/asterics/bin/../lib/gcc/x86_64-pc-linux-gnu/7.1.0/include-fixed] ==> [/home/guillaume/miniconda3/envs/asterics/lib/gcc/x86_64-pc-linux-gnu/7.1.0/include-fixed]
  collapse include dir [/home/guillaume/miniconda3/envs/asterics/lib/gcc/../../gcc/include/c++] ==> [/home/guillaume/miniconda3/envs/asterics/gcc/include/c++]
  collapse include dir [/home/guillaume/miniconda3/envs/asterics/lib/gcc/../../gcc/include/c++/x86_64-pc-linux-gnu] ==> [/home/guillaume/miniconda3/envs/asterics/gcc/include/c++/x86_64-pc-linux-gnu]
  collapse include dir [/home/guillaume/miniconda3/envs/asterics/lib/gcc/../../gcc/include/c++/backward] ==> [/home/guillaume/miniconda3/envs/asterics/gcc/include/c++/backward]
  collapse include dir [/usr/local/include] ==> [/usr/local/include]
  collapse include dir [/home/guillaume/miniconda3/envs/asterics/lib/gcc/../../gcc/include] ==> [/home/guillaume/miniconda3/envs/asterics/gcc/include]
  collapse include dir [/usr/include] ==> [/usr/include]
  implicit include dirs: [/home/guillaume/miniconda3/envs/asterics/lib/gcc/x86_64-pc-linux-gnu/7.1.0/include;/home/guillaume/miniconda3/envs/asterics/lib/gcc/x86_64-pc-linux-gnu/7.1.0/include-fixed;/home/guillaume/miniconda3/envs/asterics/gcc/include/c++;/home/guillaume/miniconda3/envs/asterics/gcc/include/c++/x86_64-pc-linux-gnu;/home/guillaume/miniconda3/envs/asterics/gcc/include/c++/backward;/usr/local/include;/home/guillaume/miniconda3/envs/asterics/gcc/include;/usr/include]


Parsed CXX implicit link information from above output:
  link line regex: [^( *|.*[/\])(ld|CMAKE_LINK_STARTFILE-NOTFOUND|([^/\]+-)?ld|collect2)[^/\]*( |$)]
  ignore line: [Change Dir: /home/guillaume/Documents/asterics2020/asterics-cpp/build/CMakeFiles/CMakeTmp]
  ignore line: []
  ignore line: [Run Build Command(s):/usr/bin/gmake cmTC_6b7bc/fast ]
  ignore line: [/usr/bin/gmake -f CMakeFiles/cmTC_6b7bc.dir/build.make CMakeFiles/cmTC_6b7bc.dir/build]
  ignore line: [gmake[1]: Entering directory '/home/guillaume/Documents/asterics2020/asterics-cpp/build/CMakeFiles/CMakeTmp']
  ignore line: [Building CXX object CMakeFiles/cmTC_6b7bc.dir/CMakeCXXCompilerABI.cpp.o]
  ignore line: [/home/guillaume/miniconda3/envs/asterics/bin/c++    -v -o CMakeFiles/cmTC_6b7bc.dir/CMakeCXXCompilerABI.cpp.o -c /usr/share/cmake/Modules/CMakeCXXCompilerABI.cpp]
  ignore line: [Reading specs from /home/guillaume/miniconda3/envs/asterics/bin/../lib/gcc/x86_64-pc-linux-gnu/7.1.0/specs]
  ignore line: [COLLECT_GCC=/home/guillaume/miniconda3/envs/asterics/bin/c++]
  ignore line: [Target: x86_64-pc-linux-gnu]
  ignore line: [Configured with: ./configure --prefix=/home/weiyan/.anaconda2/conda-bld/gcc-7_1495265979526/_b_env_placehold_placehold_placehold_placehold_placehold_placehold_placehold_placehold_placehold_placehold_placehold_placehold_placehold_placehold_placehold_placehold_placehold_placehold_placehold_plac/gcc --with-gxx-include-dir=/home/weiyan/.anaconda2/conda-bld/gcc-7_1495265979526/_b_env_placehold_placehold_placehold_placehold_placehold_placehold_placehold_placehold_placehold_placehold_placehold_placehold_placehold_placehold_placehold_placehold_placehold_placehold_placehold_plac/gcc/include/c++ --bindir=/home/weiyan/.anaconda2/conda-bld/gcc-7_1495265979526/_b_env_placehold_placehold_placehold_placehold_placehold_placehold_placehold_placehold_placehold_placehold_placehold_placehold_placehold_placehold_placehold_placehold_placehold_placehold_placehold_plac/gcc/../bin --datarootdir=/home/weiyan/.anaconda2/conda-bld/gcc-7_1495265979526/_b_env_placehold_placehold_placehold_placehold_placehold_placehold_placehold_placehold_placehold_placehold_placehold_placehold_placehold_placehold_placehold_placehold_placehold_placehold_placehold_plac/gcc/../share --libdir=/home/weiyan/.anaconda2/conda-bld/gcc-7_1495265979526/_b_env_placehold_placehold_placehold_placehold_placehold_placehold_placehold_placehold_placehold_placehold_placehold_placehold_placehold_placehold_placehold_placehold_placehold_placehold_placehold_plac/gcc/../lib --with-gmp=/home/weiyan/.anaconda2/conda-bld/gcc-7_1495265979526/_b_env_placehold_placehold_placehold_placehold_placehold_placehold_placehold_placehold_placehold_placehold_placehold_placehold_placehold_placehold_placehold_placehold_placehold_placehold_placehold_plac --with-mpfr=/home/weiyan/.anaconda2/conda-bld/gcc-7_1495265979526/_b_env_placehold_placehold_placehold_placehold_placehold_placehold_placehold_placehold_placehold_placehold_placehold_placehold_placehold_placehold_placehold_placehold_placehold_placehold_placehold_plac --with-mpc=/home/weiyan/.anaconda2/conda-bld/gcc-7_1495265979526/_b_env_placehold_placehold_placehold_placehold_placehold_placehold_placehold_placehold_placehold_placehold_placehold_placehold_placehold_placehold_placehold_placehold_placehold_placehold_placehold_plac --with-isl=/home/weiyan/.anaconda2/conda-bld/gcc-7_1495265979526/_b_env_placehold_placehold_placehold_placehold_placehold_placehold_placehold_placehold_placehold_placehold_placehold_placehold_placehold_placehold_placehold_placehold_placehold_placehold_placehold_plac --with-cloog=/home/weiyan/.anaconda2/conda-bld/gcc-7_1495265979526/_b_env_placehold_placehold_placehold_placehold_placehold_placehold_placehold_placehold_placehold_placehold_placehold_placehold_placehold_placehold_placehold_placehold_placehold_placehold_placehold_plac --enable-checking=release --with-tune=generic --disable-multilib]
  ignore line: [Thread model: posix]
  ignore line: [gcc version 7.1.0 (GCC) ]
  ignore line: [COLLECT_GCC_OPTIONS='-v' '-o' 'CMakeFiles/cmTC_6b7bc.dir/CMakeCXXCompilerABI.cpp.o' '-c' '-shared-libgcc' '-mtune=generic' '-march=x86-64']
  ignore line: [ /home/guillaume/miniconda3/envs/asterics/bin/../gcc/libexec/gcc/x86_64-pc-linux-gnu/7.1.0/cc1plus -quiet -v -iprefix /home/guillaume/miniconda3/envs/asterics/bin/../lib/gcc/x86_64-pc-linux-gnu/7.1.0/ -D_GNU_SOURCE -isystem /usr/include/x86_64-linux-gnu -isystem /usr/include/i686-linux-gnu -isystem /usr/include/i386-linux-gnu /usr/share/cmake/Modules/CMakeCXXCompilerABI.cpp -quiet -dumpbase CMakeCXXCompilerABI.cpp -mtune=generic -march=x86-64 -auxbase-strip CMakeFiles/cmTC_6b7bc.dir/CMakeCXXCompilerABI.cpp.o -version -o /tmp/cc6oVmld.s]
  ignore line: [GNU C++14 (GCC) version 7.1.0 (x86_64-pc-linux-gnu)]
  ignore line: [	compiled by GNU C version 7.1.0, GMP version 6.1.0, MPFR version 3.1.5, MPC version 1.0.3, isl version isl-0.17.1-GMP]
  ignore line: []
  ignore line: [warning: GMP header version 6.1.0 differs from library version 6.1.2.]
  ignore line: [warning: MPFR header version 3.1.5 differs from library version 3.1.6-p2.]
  ignore line: [GGC heuristics: --param ggc-min-expand=100 --param ggc-min-heapsize=131072]
  ignore line: [ignoring nonexistent directory "/usr/include/x86_64-linux-gnu"]
  ignore line: [ignoring nonexistent directory "/usr/include/i686-linux-gnu"]
  ignore line: [ignoring nonexistent directory "/usr/include/i386-linux-gnu"]
  ignore line: [ignoring nonexistent directory "/home/guillaume/miniconda3/envs/asterics/bin/../lib/gcc/x86_64-pc-linux-gnu/7.1.0/../../../../../x86_64-pc-linux-gnu/include"]
  ignore line: [ignoring duplicate directory "/home/guillaume/miniconda3/envs/asterics/lib/gcc/../../gcc/../lib/gcc/x86_64-pc-linux-gnu/7.1.0/include"]
  ignore line: [ignoring duplicate directory "/home/guillaume/miniconda3/envs/asterics/lib/gcc/../../gcc/../lib/gcc/x86_64-pc-linux-gnu/7.1.0/include-fixed"]
  ignore line: [ignoring nonexistent directory "/home/guillaume/miniconda3/envs/asterics/lib/gcc/../../gcc/../lib/gcc/x86_64-pc-linux-gnu/7.1.0/../../../../../x86_64-pc-linux-gnu/include"]
  ignore line: [#include "..." search starts here:]
  ignore line: [#include <...> search starts here:]
  ignore line: [ /home/guillaume/miniconda3/envs/asterics/bin/../lib/gcc/x86_64-pc-linux-gnu/7.1.0/include]
  ignore line: [ /home/guillaume/miniconda3/envs/asterics/bin/../lib/gcc/x86_64-pc-linux-gnu/7.1.0/include-fixed]
  ignore line: [ /home/guillaume/miniconda3/envs/asterics/lib/gcc/../../gcc/include/c++]
  ignore line: [ /home/guillaume/miniconda3/envs/asterics/lib/gcc/../../gcc/include/c++/x86_64-pc-linux-gnu]
  ignore line: [ /home/guillaume/miniconda3/envs/asterics/lib/gcc/../../gcc/include/c++/backward]
  ignore line: [ /usr/local/include]
  ignore line: [ /home/guillaume/miniconda3/envs/asterics/lib/gcc/../../gcc/include]
  ignore line: [ /usr/include]
  ignore line: [End of search list.]
  ignore line: [GNU C++14 (GCC) version 7.1.0 (x86_64-pc-linux-gnu)]
  ignore line: [	compiled by GNU C version 7.1.0, GMP version 6.1.0, MPFR version 3.1.5, MPC version 1.0.3, isl version isl-0.17.1-GMP]
  ignore line: []
  ignore line: [warning: GMP header version 6.1.0 differs from library version 6.1.2.]
  ignore line: [warning: MPFR header version 3.1.5 differs from library version 3.1.6-p2.]
  ignore line: [GGC heuristics: --param ggc-min-expand=100 --param ggc-min-heapsize=131072]
  ignore line: [Compiler executable checksum: a5c267270b07a6633a094869ef72084f]
  ignore line: [COLLECT_GCC_OPTIONS='-v' '-o' 'CMakeFiles/cmTC_6b7bc.dir/CMakeCXXCompilerABI.cpp.o' '-c' '-shared-libgcc' '-mtune=generic' '-march=x86-64']
  ignore line: [ as -v --64 -o CMakeFiles/cmTC_6b7bc.dir/CMakeCXXCompilerABI.cpp.o /tmp/cc6oVmld.s]
  ignore line: [GNU assembler version 2.31.1 (x86_64-redhat-linux) using BFD version version 2.31.1-24.fc29]
  ignore line: [COMPILER_PATH=/home/guillaume/miniconda3/envs/asterics/bin/../gcc/libexec/gcc/x86_64-pc-linux-gnu/7.1.0/:/home/guillaume/miniconda3/envs/asterics/bin/../gcc/libexec/gcc/]
  ignore line: [LIBRARY_PATH=/home/guillaume/miniconda3/envs/asterics/bin/../lib/gcc/x86_64-pc-linux-gnu/7.1.0/:/home/guillaume/miniconda3/envs/asterics/bin/../lib/gcc/:/lib/../lib64/:/usr/lib/../lib64/:/home/guillaume/miniconda3/envs/asterics/bin/../lib/gcc/x86_64-pc-linux-gnu/7.1.0/../../../:/lib/:/usr/lib/]
  ignore line: [COLLECT_GCC_OPTIONS='-v' '-o' 'CMakeFiles/cmTC_6b7bc.dir/CMakeCXXCompilerABI.cpp.o' '-c' '-shared-libgcc' '-mtune=generic' '-march=x86-64']
  ignore line: [Linking CXX executable cmTC_6b7bc]
  ignore line: [/usr/bin/cmake -E cmake_link_script CMakeFiles/cmTC_6b7bc.dir/link.txt --verbose=1]
  ignore line: [/home/guillaume/miniconda3/envs/asterics/bin/c++      -v -rdynamic CMakeFiles/cmTC_6b7bc.dir/CMakeCXXCompilerABI.cpp.o  -o cmTC_6b7bc ]
  ignore line: [Reading specs from /home/guillaume/miniconda3/envs/asterics/bin/../lib/gcc/x86_64-pc-linux-gnu/7.1.0/specs]
  ignore line: [COLLECT_GCC=/home/guillaume/miniconda3/envs/asterics/bin/c++]
  ignore line: [COLLECT_LTO_WRAPPER=/home/guillaume/miniconda3/envs/asterics/bin/../gcc/libexec/gcc/x86_64-pc-linux-gnu/7.1.0/lto-wrapper]
  ignore line: [Target: x86_64-pc-linux-gnu]
  ignore line: [Configured with: ./configure --prefix=/home/weiyan/.anaconda2/conda-bld/gcc-7_1495265979526/_b_env_placehold_placehold_placehold_placehold_placehold_placehold_placehold_placehold_placehold_placehold_placehold_placehold_placehold_placehold_placehold_placehold_placehold_placehold_placehold_plac/gcc --with-gxx-include-dir=/home/weiyan/.anaconda2/conda-bld/gcc-7_1495265979526/_b_env_placehold_placehold_placehold_placehold_placehold_placehold_placehold_placehold_placehold_placehold_placehold_placehold_placehold_placehold_placehold_placehold_placehold_placehold_placehold_plac/gcc/include/c++ --bindir=/home/weiyan/.anaconda2/conda-bld/gcc-7_1495265979526/_b_env_placehold_placehold_placehold_placehold_placehold_placehold_placehold_placehold_placehold_placehold_placehold_placehold_placehold_placehold_placehold_placehold_placehold_placehold_placehold_plac/gcc/../bin --datarootdir=/home/weiyan/.anaconda2/conda-bld/gcc-7_1495265979526/_b_env_placehold_placehold_placehold_placehold_placehold_placehold_placehold_placehold_placehold_placehold_placehold_placehold_placehold_placehold_placehold_placehold_placehold_placehold_placehold_plac/gcc/../share --libdir=/home/weiyan/.anaconda2/conda-bld/gcc-7_1495265979526/_b_env_placehold_placehold_placehold_placehold_placehold_placehold_placehold_placehold_placehold_placehold_placehold_placehold_placehold_placehold_placehold_placehold_placehold_placehold_placehold_plac/gcc/../lib --with-gmp=/home/weiyan/.anaconda2/conda-bld/gcc-7_1495265979526/_b_env_placehold_placehold_placehold_placehold_placehold_placehold_placehold_placehold_placehold_placehold_placehold_placehold_placehold_placehold_placehold_placehold_placehold_placehold_placehold_plac --with-mpfr=/home/weiyan/.anaconda2/conda-bld/gcc-7_1495265979526/_b_env_placehold_placehold_placehold_placehold_placehold_placehold_placehold_placehold_placehold_placehold_placehold_placehold_placehold_placehold_placehold_placehold_placehold_placehold_placehold_plac --with-mpc=/home/weiyan/.anaconda2/conda-bld/gcc-7_1495265979526/_b_env_placehold_placehold_placehold_placehold_placehold_placehold_placehold_placehold_placehold_placehold_placehold_placehold_placehold_placehold_placehold_placehold_placehold_placehold_placehold_plac --with-isl=/home/weiyan/.anaconda2/conda-bld/gcc-7_1495265979526/_b_env_placehold_placehold_placehold_placehold_placehold_placehold_placehold_placehold_placehold_placehold_placehold_placehold_placehold_placehold_placehold_placehold_placehold_placehold_placehold_plac --with-cloog=/home/weiyan/.anaconda2/conda-bld/gcc-7_1495265979526/_b_env_placehold_placehold_placehold_placehold_placehold_placehold_placehold_placehold_placehold_placehold_placehold_placehold_placehold_placehold_placehold_placehold_placehold_placehold_placehold_plac --enable-checking=release --with-tune=generic --disable-multilib]
  ignore line: [Thread model: posix]
  ignore line: [gcc version 7.1.0 (GCC) ]
  ignore line: [COMPILER_PATH=/home/guillaume/miniconda3/envs/asterics/bin/../gcc/libexec/gcc/x86_64-pc-linux-gnu/7.1.0/:/home/guillaume/miniconda3/envs/asterics/bin/../gcc/libexec/gcc/]
  ignore line: [LIBRARY_PATH=/home/guillaume/miniconda3/envs/asterics/bin/../lib/gcc/x86_64-pc-linux-gnu/7.1.0/:/home/guillaume/miniconda3/envs/asterics/bin/../lib/gcc/:/lib/../lib64/:/usr/lib/../lib64/:/home/guillaume/miniconda3/envs/asterics/bin/../lib/gcc/x86_64-pc-linux-gnu/7.1.0/../../../:/lib/:/usr/lib/]
  ignore line: [COLLECT_GCC_OPTIONS='-v' '-rdynamic' '-o' 'cmTC_6b7bc' '-shared-libgcc' '-mtune=generic' '-march=x86-64']
  link line: [ /home/guillaume/miniconda3/envs/asterics/bin/../gcc/libexec/gcc/x86_64-pc-linux-gnu/7.1.0/collect2 -plugin /home/guillaume/miniconda3/envs/asterics/bin/../gcc/libexec/gcc/x86_64-pc-linux-gnu/7.1.0/liblto_plugin.so -plugin-opt=/home/guillaume/miniconda3/envs/asterics/bin/../gcc/libexec/gcc/x86_64-pc-linux-gnu/7.1.0/lto-wrapper -plugin-opt=-fresolution=/tmp/cc0twZbg.res -plugin-opt=-pass-through=-lgcc_s -plugin-opt=-pass-through=-lgcc -plugin-opt=-pass-through=-lc -plugin-opt=-pass-through=-lgcc_s -plugin-opt=-pass-through=-lgcc --eh-frame-hdr -m elf_x86_64 -export-dynamic -dynamic-linker /lib64/ld-linux-x86-64.so.2 -o cmTC_6b7bc /home/guillaume/miniconda3/envs/asterics/bin/../lib/gcc/x86_64-pc-linux-gnu/7.1.0/crt1.o /home/guillaume/miniconda3/envs/asterics/bin/../lib/gcc/x86_64-pc-linux-gnu/7.1.0/crti.o /home/guillaume/miniconda3/envs/asterics/bin/../lib/gcc/x86_64-pc-linux-gnu/7.1.0/crtbegin.o -L/home/guillaume/miniconda3/envs/asterics/bin/../lib/gcc/x86_64-pc-linux-gnu/7.1.0 -L/home/guillaume/miniconda3/envs/asterics/bin/../lib/gcc -L/lib/../lib64 -L/usr/lib/../lib64 -L/home/guillaume/miniconda3/envs/asterics/bin/../lib/gcc/x86_64-pc-linux-gnu/7.1.0/../../.. -L/usr/x86_64-redhat-linux/lib64 -L/usr/lib64 -L/usr/local/lib64 -L/lib64 -L/usr/x86_64-redhat-linux/lib -L/usr/local/lib -L/lib -L/usr/lib CMakeFiles/cmTC_6b7bc.dir/CMakeCXXCompilerABI.cpp.o -lstdc++ -lm -lgcc_s -lgcc -lc -lgcc_s -lgcc /home/guillaume/miniconda3/envs/asterics/bin/../lib/gcc/x86_64-pc-linux-gnu/7.1.0/crtend.o /home/guillaume/miniconda3/envs/asterics/bin/../lib/gcc/x86_64-pc-linux-gnu/7.1.0/crtn.o]
    arg [/home/guillaume/miniconda3/envs/asterics/bin/../gcc/libexec/gcc/x86_64-pc-linux-gnu/7.1.0/collect2] ==> ignore
    arg [-plugin] ==> ignore
    arg [/home/guillaume/miniconda3/envs/asterics/bin/../gcc/libexec/gcc/x86_64-pc-linux-gnu/7.1.0/liblto_plugin.so] ==> ignore
    arg [-plugin-opt=/home/guillaume/miniconda3/envs/asterics/bin/../gcc/libexec/gcc/x86_64-pc-linux-gnu/7.1.0/lto-wrapper] ==> ignore
    arg [-plugin-opt=-fresolution=/tmp/cc0twZbg.res] ==> ignore
    arg [-plugin-opt=-pass-through=-lgcc_s] ==> ignore
    arg [-plugin-opt=-pass-through=-lgcc] ==> ignore
    arg [-plugin-opt=-pass-through=-lc] ==> ignore
    arg [-plugin-opt=-pass-through=-lgcc_s] ==> ignore
    arg [-plugin-opt=-pass-through=-lgcc] ==> ignore
    arg [--eh-frame-hdr] ==> ignore
    arg [-m] ==> ignore
    arg [elf_x86_64] ==> ignore
    arg [-export-dynamic] ==> ignore
    arg [-dynamic-linker] ==> ignore
    arg [/lib64/ld-linux-x86-64.so.2] ==> ignore
    arg [-o] ==> ignore
    arg [cmTC_6b7bc] ==> ignore
    arg [/home/guillaume/miniconda3/envs/asterics/bin/../lib/gcc/x86_64-pc-linux-gnu/7.1.0/crt1.o] ==> ignore
    arg [/home/guillaume/miniconda3/envs/asterics/bin/../lib/gcc/x86_64-pc-linux-gnu/7.1.0/crti.o] ==> ignore
    arg [/home/guillaume/miniconda3/envs/asterics/bin/../lib/gcc/x86_64-pc-linux-gnu/7.1.0/crtbegin.o] ==> ignore
    arg [-L/home/guillaume/miniconda3/envs/asterics/bin/../lib/gcc/x86_64-pc-linux-gnu/7.1.0] ==> dir [/home/guillaume/miniconda3/envs/asterics/bin/../lib/gcc/x86_64-pc-linux-gnu/7.1.0]
    arg [-L/home/guillaume/miniconda3/envs/asterics/bin/../lib/gcc] ==> dir [/home/guillaume/miniconda3/envs/asterics/bin/../lib/gcc]
    arg [-L/lib/../lib64] ==> dir [/lib/../lib64]
    arg [-L/usr/lib/../lib64] ==> dir [/usr/lib/../lib64]
    arg [-L/home/guillaume/miniconda3/envs/asterics/bin/../lib/gcc/x86_64-pc-linux-gnu/7.1.0/../../..] ==> dir [/home/guillaume/miniconda3/envs/asterics/bin/../lib/gcc/x86_64-pc-linux-gnu/7.1.0/../../..]
    arg [-L/usr/x86_64-redhat-linux/lib64] ==> dir [/usr/x86_64-redhat-linux/lib64]
    arg [-L/usr/lib64] ==> dir [/usr/lib64]
    arg [-L/usr/local/lib64] ==> dir [/usr/local/lib64]
    arg [-L/lib64] ==> dir [/lib64]
    arg [-L/usr/x86_64-redhat-linux/lib] ==> dir [/usr/x86_64-redhat-linux/lib]
    arg [-L/usr/local/lib] ==> dir [/usr/local/lib]
    arg [-L/lib] ==> dir [/lib]
    arg [-L/usr/lib] ==> dir [/usr/lib]
    arg [CMakeFiles/cmTC_6b7bc.dir/CMakeCXXCompilerABI.cpp.o] ==> ignore
    arg [-lstdc++] ==> lib [stdc++]
    arg [-lm] ==> lib [m]
    arg [-lgcc_s] ==> lib [gcc_s]
    arg [-lgcc] ==> lib [gcc]
    arg [-lc] ==> lib [c]
    arg [-lgcc_s] ==> lib [gcc_s]
    arg [-lgcc] ==> lib [gcc]
    arg [/home/guillaume/miniconda3/envs/asterics/bin/../lib/gcc/x86_64-pc-linux-gnu/7.1.0/crtend.o] ==> ignore
    arg [/home/guillaume/miniconda3/envs/asterics/bin/../lib/gcc/x86_64-pc-linux-gnu/7.1.0/crtn.o] ==> ignore
  collapse library dir [/home/guillaume/miniconda3/envs/asterics/bin/../lib/gcc/x86_64-pc-linux-gnu/7.1.0] ==> [/home/guillaume/miniconda3/envs/asterics/lib/gcc/x86_64-pc-linux-gnu/7.1.0]
  collapse library dir [/home/guillaume/miniconda3/envs/asterics/bin/../lib/gcc] ==> [/home/guillaume/miniconda3/envs/asterics/lib/gcc]
  collapse library dir [/lib/../lib64] ==> [/lib64]
  collapse library dir [/usr/lib/../lib64] ==> [/usr/lib64]
  collapse library dir [/home/guillaume/miniconda3/envs/asterics/bin/../lib/gcc/x86_64-pc-linux-gnu/7.1.0/../../..] ==> [/home/guillaume/miniconda3/envs/asterics/lib]
  collapse library dir [/usr/x86_64-redhat-linux/lib64] ==> [/usr/x86_64-redhat-linux/lib64]
  collapse library dir [/usr/lib64] ==> [/usr/lib64]
  collapse library dir [/usr/local/lib64] ==> [/usr/local/lib64]
  collapse library dir [/lib64] ==> [/lib64]
  collapse library dir [/usr/x86_64-redhat-linux/lib] ==> [/usr/x86_64-redhat-linux/lib]
  collapse library dir [/usr/local/lib] ==> [/usr/local/lib]
  collapse library dir [/lib] ==> [/lib]
  collapse library dir [/usr/lib] ==> [/usr/lib]
  implicit libs: [stdc++;m;gcc_s;gcc;c;gcc_s;gcc]
  implicit dirs: [/home/guillaume/miniconda3/envs/asterics/lib/gcc/x86_64-pc-linux-gnu/7.1.0;/home/guillaume/miniconda3/envs/asterics/lib/gcc;/lib64;/usr/lib64;/home/guillaume/miniconda3/envs/asterics/lib;/usr/x86_64-redhat-linux/lib64;/usr/local/lib64;/usr/x86_64-redhat-linux/lib;/usr/local/lib;/lib;/usr/lib]
  implicit fwks: []




Detecting CXX [-std=c++1z] compiler features compiled with the following output:
Change Dir: /home/guillaume/Documents/asterics2020/asterics-cpp/build/CMakeFiles/CMakeTmp

Run Build Command(s):/usr/bin/gmake cmTC_e3aca/fast 
/usr/bin/gmake -f CMakeFiles/cmTC_e3aca.dir/build.make CMakeFiles/cmTC_e3aca.dir/build
gmake[1] : on entre dans le répertoire « /home/guillaume/Documents/asterics2020/asterics-cpp/build/CMakeFiles/CMakeTmp »
Building CXX object CMakeFiles/cmTC_e3aca.dir/feature_tests.cxx.o
/home/guillaume/miniconda3/envs/asterics/bin/c++    -std=c++1z -o CMakeFiles/cmTC_e3aca.dir/feature_tests.cxx.o -c /home/guillaume/Documents/asterics2020/asterics-cpp/build/CMakeFiles/feature_tests.cxx
Linking CXX executable cmTC_e3aca
/usr/bin/cmake -E cmake_link_script CMakeFiles/cmTC_e3aca.dir/link.txt --verbose=1
/home/guillaume/miniconda3/envs/asterics/bin/c++       -rdynamic CMakeFiles/cmTC_e3aca.dir/feature_tests.cxx.o  -o cmTC_e3aca 
gmake[1] : on quitte le répertoire « /home/guillaume/Documents/asterics2020/asterics-cpp/build/CMakeFiles/CMakeTmp »


    Feature record: CXX_FEATURE:1cxx_aggregate_default_initializers
    Feature record: CXX_FEATURE:1cxx_alias_templates
    Feature record: CXX_FEATURE:1cxx_alignas
    Feature record: CXX_FEATURE:1cxx_alignof
    Feature record: CXX_FEATURE:1cxx_attributes
    Feature record: CXX_FEATURE:1cxx_attribute_deprecated
    Feature record: CXX_FEATURE:1cxx_auto_type
    Feature record: CXX_FEATURE:1cxx_binary_literals
    Feature record: CXX_FEATURE:1cxx_constexpr
    Feature record: CXX_FEATURE:1cxx_contextual_conversions
    Feature record: CXX_FEATURE:1cxx_decltype
    Feature record: CXX_FEATURE:1cxx_decltype_auto
    Feature record: CXX_FEATURE:1cxx_decltype_incomplete_return_types
    Feature record: CXX_FEATURE:1cxx_default_function_template_args
    Feature record: CXX_FEATURE:1cxx_defaulted_functions
    Feature record: CXX_FEATURE:1cxx_defaulted_move_initializers
    Feature record: CXX_FEATURE:1cxx_delegating_constructors
    Feature record: CXX_FEATURE:1cxx_deleted_functions
    Feature record: CXX_FEATURE:1cxx_digit_separators
    Feature record: CXX_FEATURE:1cxx_enum_forward_declarations
    Feature record: CXX_FEATURE:1cxx_explicit_conversions
    Feature record: CXX_FEATURE:1cxx_extended_friend_declarations
    Feature record: CXX_FEATURE:1cxx_extern_templates
    Feature record: CXX_FEATURE:1cxx_final
    Feature record: CXX_FEATURE:1cxx_func_identifier
    Feature record: CXX_FEATURE:1cxx_generalized_initializers
    Feature record: CXX_FEATURE:1cxx_generic_lambdas
    Feature record: CXX_FEATURE:1cxx_inheriting_constructors
    Feature record: CXX_FEATURE:1cxx_inline_namespaces
    Feature record: CXX_FEATURE:1cxx_lambdas
    Feature record: CXX_FEATURE:1cxx_lambda_init_captures
    Feature record: CXX_FEATURE:1cxx_local_type_template_args
    Feature record: CXX_FEATURE:1cxx_long_long_type
    Feature record: CXX_FEATURE:1cxx_noexcept
    Feature record: CXX_FEATURE:1cxx_nonstatic_member_init
    Feature record: CXX_FEATURE:1cxx_nullptr
    Feature record: CXX_FEATURE:1cxx_override
    Feature record: CXX_FEATURE:1cxx_range_for
    Feature record: CXX_FEATURE:1cxx_raw_string_literals
    Feature record: CXX_FEATURE:1cxx_reference_qualified_functions
    Feature record: CXX_FEATURE:1cxx_relaxed_constexpr
    Feature record: CXX_FEATURE:1cxx_return_type_deduction
    Feature record: CXX_FEATURE:1cxx_right_angle_brackets
    Feature record: CXX_FEATURE:1cxx_rvalue_references
    Feature record: CXX_FEATURE:1cxx_sizeof_member
    Feature record: CXX_FEATURE:1cxx_static_assert
    Feature record: CXX_FEATURE:1cxx_strong_enums
    Feature record: CXX_FEATURE:1cxx_template_template_parameters
    Feature record: CXX_FEATURE:1cxx_thread_local
    Feature record: CXX_FEATURE:1cxx_trailing_return_types
    Feature record: CXX_FEATURE:1cxx_unicode_literals
    Feature record: CXX_FEATURE:1cxx_uniform_initialization
    Feature record: CXX_FEATURE:1cxx_unrestricted_unions
    Feature record: CXX_FEATURE:1cxx_user_literals
    Feature record: CXX_FEATURE:1cxx_variable_templates
    Feature record: CXX_FEATURE:1cxx_variadic_macros
    Feature record: CXX_FEATURE:1cxx_variadic_templates


Detecting CXX [-std=c++14] compiler features compiled with the following output:
Change Dir: /home/guillaume/Documents/asterics2020/asterics-cpp/build/CMakeFiles/CMakeTmp

Run Build Command(s):/usr/bin/gmake cmTC_54eb2/fast 
/usr/bin/gmake -f CMakeFiles/cmTC_54eb2.dir/build.make CMakeFiles/cmTC_54eb2.dir/build
gmake[1] : on entre dans le répertoire « /home/guillaume/Documents/asterics2020/asterics-cpp/build/CMakeFiles/CMakeTmp »
Building CXX object CMakeFiles/cmTC_54eb2.dir/feature_tests.cxx.o
/home/guillaume/miniconda3/envs/asterics/bin/c++    -std=c++14 -o CMakeFiles/cmTC_54eb2.dir/feature_tests.cxx.o -c /home/guillaume/Documents/asterics2020/asterics-cpp/build/CMakeFiles/feature_tests.cxx
Linking CXX executable cmTC_54eb2
/usr/bin/cmake -E cmake_link_script CMakeFiles/cmTC_54eb2.dir/link.txt --verbose=1
/home/guillaume/miniconda3/envs/asterics/bin/c++       -rdynamic CMakeFiles/cmTC_54eb2.dir/feature_tests.cxx.o  -o cmTC_54eb2 
gmake[1] : on quitte le répertoire « /home/guillaume/Documents/asterics2020/asterics-cpp/build/CMakeFiles/CMakeTmp »


    Feature record: CXX_FEATURE:1cxx_aggregate_default_initializers
    Feature record: CXX_FEATURE:1cxx_alias_templates
    Feature record: CXX_FEATURE:1cxx_alignas
    Feature record: CXX_FEATURE:1cxx_alignof
    Feature record: CXX_FEATURE:1cxx_attributes
    Feature record: CXX_FEATURE:1cxx_attribute_deprecated
    Feature record: CXX_FEATURE:1cxx_auto_type
    Feature record: CXX_FEATURE:1cxx_binary_literals
    Feature record: CXX_FEATURE:1cxx_constexpr
    Feature record: CXX_FEATURE:1cxx_contextual_conversions
    Feature record: CXX_FEATURE:1cxx_decltype
    Feature record: CXX_FEATURE:1cxx_decltype_auto
    Feature record: CXX_FEATURE:1cxx_decltype_incomplete_return_types
    Feature record: CXX_FEATURE:1cxx_default_function_template_args
    Feature record: CXX_FEATURE:1cxx_defaulted_functions
    Feature record: CXX_FEATURE:1cxx_defaulted_move_initializers
    Feature record: CXX_FEATURE:1cxx_delegating_constructors
    Feature record: CXX_FEATURE:1cxx_deleted_functions
    Feature record: CXX_FEATURE:1cxx_digit_separators
    Feature record: CXX_FEATURE:1cxx_enum_forward_declarations
    Feature record: CXX_FEATURE:1cxx_explicit_conversions
    Feature record: CXX_FEATURE:1cxx_extended_friend_declarations
    Feature record: CXX_FEATURE:1cxx_extern_templates
    Feature record: CXX_FEATURE:1cxx_final
    Feature record: CXX_FEATURE:1cxx_func_identifier
    Feature record: CXX_FEATURE:1cxx_generalized_initializers
    Feature record: CXX_FEATURE:1cxx_generic_lambdas
    Feature record: CXX_FEATURE:1cxx_inheriting_constructors
    Feature record: CXX_FEATURE:1cxx_inline_namespaces
    Feature record: CXX_FEATURE:1cxx_lambdas
    Feature record: CXX_FEATURE:1cxx_lambda_init_captures
    Feature record: CXX_FEATURE:1cxx_local_type_template_args
    Feature record: CXX_FEATURE:1cxx_long_long_type
    Feature record: CXX_FEATURE:1cxx_noexcept
    Feature record: CXX_FEATURE:1cxx_nonstatic_member_init
    Feature record: CXX_FEATURE:1cxx_nullptr
    Feature record: CXX_FEATURE:1cxx_override
    Feature record: CXX_FEATURE:1cxx_range_for
    Feature record: CXX_FEATURE:1cxx_raw_string_literals
    Feature record: CXX_FEATURE:1cxx_reference_qualified_functions
    Feature record: CXX_FEATURE:1cxx_relaxed_constexpr
    Feature record: CXX_FEATURE:1cxx_return_type_deduction
    Feature record: CXX_FEATURE:1cxx_right_angle_brackets
    Feature record: CXX_FEATURE:1cxx_rvalue_references
    Feature record: CXX_FEATURE:1cxx_sizeof_member
    Feature record: CXX_FEATURE:1cxx_static_assert
    Feature record: CXX_FEATURE:1cxx_strong_enums
    Feature record: CXX_FEATURE:1cxx_template_template_parameters
    Feature record: CXX_FEATURE:1cxx_thread_local
    Feature record: CXX_FEATURE:1cxx_trailing_return_types
    Feature record: CXX_FEATURE:1cxx_unicode_literals
    Feature record: CXX_FEATURE:1cxx_uniform_initialization
    Feature record: CXX_FEATURE:1cxx_unrestricted_unions
    Feature record: CXX_FEATURE:1cxx_user_literals
    Feature record: CXX_FEATURE:1cxx_variable_templates
    Feature record: CXX_FEATURE:1cxx_variadic_macros
    Feature record: CXX_FEATURE:1cxx_variadic_templates


Detecting CXX [-std=c++11] compiler features compiled with the following output:
Change Dir: /home/guillaume/Documents/asterics2020/asterics-cpp/build/CMakeFiles/CMakeTmp

Run Build Command(s):/usr/bin/gmake cmTC_34885/fast 
/usr/bin/gmake -f CMakeFiles/cmTC_34885.dir/build.make CMakeFiles/cmTC_34885.dir/build
gmake[1] : on entre dans le répertoire « /home/guillaume/Documents/asterics2020/asterics-cpp/build/CMakeFiles/CMakeTmp »
Building CXX object CMakeFiles/cmTC_34885.dir/feature_tests.cxx.o
/home/guillaume/miniconda3/envs/asterics/bin/c++    -std=c++11 -o CMakeFiles/cmTC_34885.dir/feature_tests.cxx.o -c /home/guillaume/Documents/asterics2020/asterics-cpp/build/CMakeFiles/feature_tests.cxx
Linking CXX executable cmTC_34885
/usr/bin/cmake -E cmake_link_script CMakeFiles/cmTC_34885.dir/link.txt --verbose=1
/home/guillaume/miniconda3/envs/asterics/bin/c++       -rdynamic CMakeFiles/cmTC_34885.dir/feature_tests.cxx.o  -o cmTC_34885 
gmake[1] : on quitte le répertoire « /home/guillaume/Documents/asterics2020/asterics-cpp/build/CMakeFiles/CMakeTmp »


    Feature record: CXX_FEATURE:0cxx_aggregate_default_initializers
    Feature record: CXX_FEATURE:1cxx_alias_templates
    Feature record: CXX_FEATURE:1cxx_alignas
    Feature record: CXX_FEATURE:1cxx_alignof
    Feature record: CXX_FEATURE:1cxx_attributes
    Feature record: CXX_FEATURE:0cxx_attribute_deprecated
    Feature record: CXX_FEATURE:1cxx_auto_type
    Feature record: CXX_FEATURE:0cxx_binary_literals
    Feature record: CXX_FEATURE:1cxx_constexpr
    Feature record: CXX_FEATURE:0cxx_contextual_conversions
    Feature record: CXX_FEATURE:1cxx_decltype
    Feature record: CXX_FEATURE:0cxx_decltype_auto
    Feature record: CXX_FEATURE:1cxx_decltype_incomplete_return_types
    Feature record: CXX_FEATURE:1cxx_default_function_template_args
    Feature record: CXX_FEATURE:1cxx_defaulted_functions
    Feature record: CXX_FEATURE:1cxx_defaulted_move_initializers
    Feature record: CXX_FEATURE:1cxx_delegating_constructors
    Feature record: CXX_FEATURE:1cxx_deleted_functions
    Feature record: CXX_FEATURE:0cxx_digit_separators
    Feature record: CXX_FEATURE:1cxx_enum_forward_declarations
    Feature record: CXX_FEATURE:1cxx_explicit_conversions
    Feature record: CXX_FEATURE:1cxx_extended_friend_declarations
    Feature record: CXX_FEATURE:1cxx_extern_templates
    Feature record: CXX_FEATURE:1cxx_final
    Feature record: CXX_FEATURE:1cxx_func_identifier
    Feature record: CXX_FEATURE:1cxx_generalized_initializers
    Feature record: CXX_FEATURE:0cxx_generic_lambdas
    Feature record: CXX_FEATURE:1cxx_inheriting_constructors
    Feature record: CXX_FEATURE:1cxx_inline_namespaces
    Feature record: CXX_FEATURE:1cxx_lambdas
    Feature record: CXX_FEATURE:0cxx_lambda_init_captures
    Feature record: CXX_FEATURE:1cxx_local_type_template_args
    Feature record: CXX_FEATURE:1cxx_long_long_type
    Feature record: CXX_FEATURE:1cxx_noexcept
    Feature record: CXX_FEATURE:1cxx_nonstatic_member_init
    Feature record: CXX_FEATURE:1cxx_nullptr
    Feature record: CXX_FEATURE:1cxx_override
    Feature record: CXX_FEATURE:1cxx_range_for
    Feature record: CXX_FEATURE:1cxx_raw_string_literals
    Feature record: CXX_FEATURE:1cxx_reference_qualified_functions
    Feature record: CXX_FEATURE:0cxx_relaxed_constexpr
    Feature record: CXX_FEATURE:0cxx_return_type_deduction
    Feature record: CXX_FEATURE:1cxx_right_angle_brackets
    Feature record: CXX_FEATURE:1cxx_rvalue_references
    Feature record: CXX_FEATURE:1cxx_sizeof_member
    Feature record: CXX_FEATURE:1cxx_static_assert
    Feature record: CXX_FEATURE:1cxx_strong_enums
    Feature record: CXX_FEATURE:1cxx_template_template_parameters
    Feature record: CXX_FEATURE:1cxx_thread_local
    Feature record: CXX_FEATURE:1cxx_trailing_return_types
    Feature record: CXX_FEATURE:1cxx_unicode_literals
    Feature record: CXX_FEATURE:1cxx_uniform_initialization
    Feature record: CXX_FEATURE:1cxx_unrestricted_unions
    Feature record: CXX_FEATURE:1cxx_user_literals
    Feature record: CXX_FEATURE:0cxx_variable_templates
    Feature record: CXX_FEATURE:1cxx_variadic_macros
    Feature record: CXX_FEATURE:1cxx_variadic_templates


Detecting CXX [-std=c++98] compiler features compiled with the following output:
Change Dir: /home/guillaume/Documents/asterics2020/asterics-cpp/build/CMakeFiles/CMakeTmp

Run Build Command(s):/usr/bin/gmake cmTC_c8c71/fast 
/usr/bin/gmake -f CMakeFiles/cmTC_c8c71.dir/build.make CMakeFiles/cmTC_c8c71.dir/build
gmake[1] : on entre dans le répertoire « /home/guillaume/Documents/asterics2020/asterics-cpp/build/CMakeFiles/CMakeTmp »
Building CXX object CMakeFiles/cmTC_c8c71.dir/feature_tests.cxx.o
/home/guillaume/miniconda3/envs/asterics/bin/c++    -std=c++98 -o CMakeFiles/cmTC_c8c71.dir/feature_tests.cxx.o -c /home/guillaume/Documents/asterics2020/asterics-cpp/build/CMakeFiles/feature_tests.cxx
Linking CXX executable cmTC_c8c71
/usr/bin/cmake -E cmake_link_script CMakeFiles/cmTC_c8c71.dir/link.txt --verbose=1
/home/guillaume/miniconda3/envs/asterics/bin/c++       -rdynamic CMakeFiles/cmTC_c8c71.dir/feature_tests.cxx.o  -o cmTC_c8c71 
gmake[1] : on quitte le répertoire « /home/guillaume/Documents/asterics2020/asterics-cpp/build/CMakeFiles/CMakeTmp »


    Feature record: CXX_FEATURE:0cxx_aggregate_default_initializers
    Feature record: CXX_FEATURE:0cxx_alias_templates
    Feature record: CXX_FEATURE:0cxx_alignas
    Feature record: CXX_FEATURE:0cxx_alignof
    Feature record: CXX_FEATURE:0cxx_attributes
    Feature record: CXX_FEATURE:0cxx_attribute_deprecated
    Feature record: CXX_FEATURE:0cxx_auto_type
    Feature record: CXX_FEATURE:0cxx_binary_literals
    Feature record: CXX_FEATURE:0cxx_constexpr
    Feature record: CXX_FEATURE:0cxx_contextual_conversions
    Feature record: CXX_FEATURE:0cxx_decltype
    Feature record: CXX_FEATURE:0cxx_decltype_auto
    Feature record: CXX_FEATURE:0cxx_decltype_incomplete_return_types
    Feature record: CXX_FEATURE:0cxx_default_function_template_args
    Feature record: CXX_FEATURE:0cxx_defaulted_functions
    Feature record: CXX_FEATURE:0cxx_defaulted_move_initializers
    Feature record: CXX_FEATURE:0cxx_delegating_constructors
    Feature record: CXX_FEATURE:0cxx_deleted_functions
    Feature record: CXX_FEATURE:0cxx_digit_separators
    Feature record: CXX_FEATURE:0cxx_enum_forward_declarations
    Feature record: CXX_FEATURE:0cxx_explicit_conversions
    Feature record: CXX_FEATURE:0cxx_extended_friend_declarations
    Feature record: CXX_FEATURE:0cxx_extern_templates
    Feature record: CXX_FEATURE:0cxx_final
    Feature record: CXX_FEATURE:0cxx_func_identifier
    Feature record: CXX_FEATURE:0cxx_generalized_initializers
    Feature record: CXX_FEATURE:0cxx_generic_lambdas
    Feature record: CXX_FEATURE:0cxx_inheriting_constructors
    Feature record: CXX_FEATURE:0cxx_inline_namespaces
    Feature record: CXX_FEATURE:0cxx_lambdas
    Feature record: CXX_FEATURE:0cxx_lambda_init_captures
    Feature record: CXX_FEATURE:0cxx_local_type_template_args
    Feature record: CXX_FEATURE:0cxx_long_long_type
    Feature record: CXX_FEATURE:0cxx_noexcept
    Feature record: CXX_FEATURE:0cxx_nonstatic_member_init
    Feature record: CXX_FEATURE:0cxx_nullptr
    Feature record: CXX_FEATURE:0cxx_override
    Feature record: CXX_FEATURE:0cxx_range_for
    Feature record: CXX_FEATURE:0cxx_raw_string_literals
    Feature record: CXX_FEATURE:0cxx_reference_qualified_functions
    Feature record: CXX_FEATURE:0cxx_relaxed_constexpr
    Feature record: CXX_FEATURE:0cxx_return_type_deduction
    Feature record: CXX_FEATURE:0cxx_right_angle_brackets
    Feature record: CXX_FEATURE:0cxx_rvalue_references
    Feature record: CXX_FEATURE:0cxx_sizeof_member
    Feature record: CXX_FEATURE:0cxx_static_assert
    Feature record: CXX_FEATURE:0cxx_strong_enums
    Feature record: CXX_FEATURE:1cxx_template_template_parameters
    Feature record: CXX_FEATURE:0cxx_thread_local
    Feature record: CXX_FEATURE:0cxx_trailing_return_types
    Feature record: CXX_FEATURE:0cxx_unicode_literals
    Feature record: CXX_FEATURE:0cxx_uniform_initialization
    Feature record: CXX_FEATURE:0cxx_unrestricted_unions
    Feature record: CXX_FEATURE:0cxx_user_literals
    Feature record: CXX_FEATURE:0cxx_variable_templates
    Feature record: CXX_FEATURE:0cxx_variadic_macros
    Feature record: CXX_FEATURE:0cxx_variadic_templates
